This file contains any messages produced by compilers while
running configure, to aid debugging if configure makes a mistake.

It was created by configure, which was
generated by GNU Autoconf 2.69.  Invocation command line was

  $ /Users/fskj/Desktop/imagemagick_lib_iphone-master/build/ImageMagick-7.1.0-2/IMDelegates/ghostscript-9.54.0/configure CC= CFLAGS= CPPFLAGS= LDFLAGS= CCAUX= CFLAGSAUX= CFLAGSAUX= MAKEFILE=auxflags.mak --host=x86_64-apple-darwin19.6.0 --build=x86_64-apple-darwin19.6.0 --enable-auxtools_only --disable-hidden-visibility --with-local-zlib --without-libtiff --disable-contrib --disable-fontconfig --disable-dbus --disable-freetype --disable-fapi --disable-cups --disable-openjpeg --disable-gtk --with-libiconv=no --without-libidn --without-libpaper --without-pdftoraster --without-ijs --without-jbig2dec --without-x --with-drivers=

## --------- ##
## Platform. ##
## --------- ##

hostname = FSKJdeMacBook-Pro.local
uname -m = x86_64
uname -r = 19.6.0
uname -s = Darwin
uname -v = Darwin Kernel Version 19.6.0: Thu Oct 29 22:56:45 PDT 2020; root:xnu-6153.141.2.2~1/RELEASE_X86_64

/usr/bin/uname -p = i386
/bin/uname -X     = unknown

/bin/arch              = unknown
/usr/bin/arch -k       = unknown
/usr/convex/getsysinfo = unknown
/usr/bin/hostinfo      = Mach kernel version:
	 Darwin Kernel Version 19.6.0: Thu Oct 29 22:56:45 PDT 2020; root:xnu-6153.141.2.2~1/RELEASE_X86_64
Kernel configured for up to 12 processors.
6 processors are physically available.
12 processors are logically available.
Processor type: x86_64h (Intel x86-64h Haswell)
Processors active: 0 1 2 3 4 5 6 7 8 9 10 11
Primary memory available: 16.00 gigabytes
Default processor set: 462 tasks, 2437 threads, 12 processors
Load average: 2.60, Mach factor: 9.39
/bin/machine           = unknown
/usr/bin/oslevel       = unknown
/bin/universe          = unknown

PATH: /Users/fskj/.rvm/gems/ruby-3.0.1/bin
PATH: /Users/fskj/.rvm/gems/ruby-3.0.1@global/bin
PATH: /Users/fskj/.rvm/rubies/ruby-3.0.1/bin
PATH: /usr/local/bin
PATH: /usr/local/sbin
PATH: /usr/local/bin
PATH: /usr/bin
PATH: /bin
PATH: /usr/sbin
PATH: /sbin
PATH: /Library/Apple/usr/bin
PATH: /Users/fskj/.rvm/bin


## ----------- ##
## Core tests. ##
## ----------- ##

configure:2988: checking build system type
configure:3002: result: x86_64-apple-darwin19.6.0
configure:3022: checking host system type
configure:3035: result: x86_64-apple-darwin19.6.0
configure:3103: checking for x86_64-apple-darwin19.6.0-gcc
configure:3133: result: no
configure:3143: checking for gcc
configure:3159: found /usr/bin/gcc
configure:3170: result: gcc
configure:3399: checking for C compiler version
configure:3408: gcc --version >&5
Apple clang version 12.0.0 (clang-1200.0.32.29)
Target: x86_64-apple-darwin19.6.0
Thread model: posix
InstalledDir: /Applications/Xcode.app/Contents/Developer/Toolchains/XcodeDefault.xctoolchain/usr/bin
Configured with: --prefix=/Applications/Xcode.app/Contents/Developer/usr --with-gxx-include-dir=/Library/Developer/CommandLineTools/SDKs/MacOSX10.15.sdk/usr/include/c++/4.2.1
configure:3419: $? = 0
configure:3408: gcc -v >&5
Configured with: --prefix=/Applications/Xcode.app/Contents/Developer/usr --with-gxx-include-dir=/Library/Developer/CommandLineTools/SDKs/MacOSX10.15.sdk/usr/include/c++/4.2.1
Apple clang version 12.0.0 (clang-1200.0.32.29)
Target: x86_64-apple-darwin19.6.0
Thread model: posix
InstalledDir: /Applications/Xcode.app/Contents/Developer/Toolchains/XcodeDefault.xctoolchain/usr/bin
configure:3419: $? = 0
configure:3408: gcc -V >&5
clang: error: argument to '-V' is missing (expected 1 value)
clang: error: no input files
configure:3419: $? = 1
configure:3408: gcc -qversion >&5
clang: error: unknown argument '-qversion'; did you mean '--version'?
clang: error: no input files
configure:3419: $? = 1
configure:3439: checking whether the C compiler works
configure:3461: gcc    conftest.c  >&5
configure:3465: $? = 0
configure:3513: result: yes
configure:3516: checking for C compiler default output file name
configure:3518: result: a.out
configure:3524: checking for suffix of executables
configure:3531: gcc -o conftest    conftest.c  >&5
configure:3535: $? = 0
configure:3557: result: 
configure:3579: checking whether we are cross compiling
configure:3587: gcc -o conftest    conftest.c  >&5
configure:3591: $? = 0
configure:3598: ./conftest
configure:3602: $? = 0
configure:3617: result: no
configure:3622: checking for suffix of object files
configure:3644: gcc -c   conftest.c >&5
configure:3648: $? = 0
configure:3669: result: o
configure:3673: checking whether we are using the GNU C compiler
configure:3692: gcc -c   conftest.c >&5
configure:3692: $? = 0
configure:3701: result: yes
configure:3710: checking whether gcc accepts -g
configure:3730: gcc -c -g  conftest.c >&5
configure:3730: $? = 0
configure:3771: result: yes
configure:3788: checking for gcc option to accept ISO C89
configure:3851: gcc  -c   conftest.c >&5
configure:3851: $? = 0
configure:3864: result: none needed
configure:3889: checking how to run the C preprocessor
configure:3920: gcc -E  conftest.c
configure:3920: $? = 0
configure:3934: gcc -E  conftest.c
conftest.c:9:10: fatal error: 'ac_nonexistent.h' file not found
#include <ac_nonexistent.h>
         ^~~~~~~~~~~~~~~~~~
1 error generated.
configure:3934: $? = 1
configure: failed program was:
| /* confdefs.h */
| #define PACKAGE_NAME ""
| #define PACKAGE_TARNAME ""
| #define PACKAGE_VERSION ""
| #define PACKAGE_STRING ""
| #define PACKAGE_BUGREPORT ""
| #define PACKAGE_URL ""
| /* end confdefs.h.  */
| #include <ac_nonexistent.h>
configure:3959: result: gcc -E
configure:3979: gcc -E  conftest.c
configure:3979: $? = 0
configure:3993: gcc -E  conftest.c
conftest.c:9:10: fatal error: 'ac_nonexistent.h' file not found
#include <ac_nonexistent.h>
         ^~~~~~~~~~~~~~~~~~
1 error generated.
configure:3993: $? = 1
configure: failed program was:
| /* confdefs.h */
| #define PACKAGE_NAME ""
| #define PACKAGE_TARNAME ""
| #define PACKAGE_VERSION ""
| #define PACKAGE_STRING ""
| #define PACKAGE_BUGREPORT ""
| #define PACKAGE_URL ""
| /* end confdefs.h.  */
| #include <ac_nonexistent.h>
configure:4115: checking for a sed that does not truncate output
configure:4179: result: /usr/bin/sed
configure:4195: checking for x86_64-apple-darwin19.6.0-ranlib
configure:4225: result: no
configure:4235: checking for ranlib
configure:4251: found /usr/bin/ranlib
configure:4262: result: ranlib
configure:4299: checking for x86_64-apple-darwin19.6.0-pkg-config
configure:4332: result: no
configure:4342: checking for pkg-config
configure:4360: found /usr/local/bin/pkg-config
configure:4372: result: /usr/local/bin/pkg-config
configure:4444: checking for x86_64-apple-darwin19.6.0-strip
configure:4477: result: no
configure:4487: checking for strip
configure:4505: found /usr/bin/strip
configure:4517: result: /usr/bin/strip
configure:4707: checking if compiler supports restrict
configure:4735: gcc -c  -DNOCONTRIB  conftest.c >&5
configure:4735: $? = 0
configure:4741: result: yes
configure:4803: checking supported compiler flags
configure:4820: gcc -c  -DNOCONTRIB -DHAVE_RESTRICT=1 -O2  conftest.c >&5
configure:4820: $? = 0
configure:4820: gcc -c  -DNOCONTRIB -DHAVE_RESTRICT=1 -DNDEBUG  conftest.c >&5
configure:4820: $? = 0
configure:4842: gcc -c  -DNOCONTRIB -DHAVE_RESTRICT=1 -Wall  conftest.c >&5
configure:4842: $? = 0
configure:4842: gcc -c  -DNOCONTRIB -DHAVE_RESTRICT=1 -Wstrict-prototypes  conftest.c >&5
configure:4842: $? = 0
configure:4842: gcc -c  -DNOCONTRIB -DHAVE_RESTRICT=1 -Wundef  conftest.c >&5
configure:4842: $? = 0
configure:4842: gcc -c  -DNOCONTRIB -DHAVE_RESTRICT=1 -Wmissing-declarations  conftest.c >&5
configure:4842: $? = 0
configure:4842: gcc -c  -DNOCONTRIB -DHAVE_RESTRICT=1 -Wmissing-prototypes  conftest.c >&5
configure:4842: $? = 0
configure:4842: gcc -c  -DNOCONTRIB -DHAVE_RESTRICT=1 -Wwrite-strings  conftest.c >&5
configure:4842: $? = 0
configure:4842: gcc -c  -DNOCONTRIB -DHAVE_RESTRICT=1 -fno-strict-aliasing  conftest.c >&5
configure:4842: $? = 0
configure:4842: gcc -c  -DNOCONTRIB -DHAVE_RESTRICT=1 -Werror=declaration-after-statement  conftest.c >&5
configure:4842: $? = 0
configure:4842: gcc -c  -DNOCONTRIB -DHAVE_RESTRICT=1 -fno-builtin  conftest.c >&5
configure:4842: $? = 0
configure:4842: gcc -c  -DNOCONTRIB -DHAVE_RESTRICT=1 -fno-common  conftest.c >&5
configure:4842: $? = 0
configure:4842: gcc -c  -DNOCONTRIB -DHAVE_RESTRICT=1 -Werror=return-type  conftest.c >&5
configure:4842: $? = 0
configure:4866: gcc -c  -DNOCONTRIB -DHAVE_RESTRICT=1 -gdwarf-2  conftest.c >&5
configure:4866: $? = 0
configure:4866: gcc -c  -DNOCONTRIB -DHAVE_RESTRICT=1 -g3  conftest.c >&5
configure:4866: $? = 0
configure:4866: gcc -c  -DNOCONTRIB -DHAVE_RESTRICT=1 -O0  conftest.c >&5
configure:4866: $? = 0
configure:4891: gcc -c  -DNOCONTRIB -DHAVE_RESTRICT=1 -fvisibility=hidden  conftest.c >&5
configure:4891: $? = 0
configure:4901: result:  ...done.
configure:4904: checking compiler/linker address santizer support
configure:4934: gcc -o conftest -fsanitize=address -fno-omit-frame-pointer   conftest.c  >&5
configure:4934: $? = 0
configure:4951: result:  ...done.
configure:4955: checking compiler/linker address santizer build warnings support
configure:4975: gcc -o conftest -fsanitize=address -fno-omit-frame-pointer -W -Wall -Wno-unused-parameter -Wno-sign-compare -Wno-implicit-fallthrough -Wno-missing-field-initializers -Wno-shift-negative-value -Wno-old-style-declaration -Wno-unused-but-set-parameter   conftest.c  >&5
warning: unknown warning option '-Wno-old-style-declaration'; did you mean '-Wno-out-of-line-declaration'? [-Wunknown-warning-option]
warning: unknown warning option '-Wno-unused-but-set-parameter'; did you mean '-Wno-unused-parameter'? [-Wunknown-warning-option]
2 warnings generated.
configure:4975: $? = 0
configure:4984: result:  ...done.
configure:4990: checking for grep that handles long lines and -e
configure:5048: result: /usr/bin/grep
configure:5053: checking for egrep
configure:5115: result: /usr/bin/grep -E
configure:5120: checking for ANSI C header files
configure:5140: gcc -c  -DNOCONTRIB -DHAVE_RESTRICT=1  conftest.c >&5
configure:5140: $? = 0
configure:5213: gcc -o conftest  -DNOCONTRIB -DHAVE_RESTRICT=1   conftest.c  >&5
configure:5213: $? = 0
configure:5213: ./conftest
configure:5213: $? = 0
configure:5224: result: yes
configure:5237: checking for sys/types.h
configure:5237: gcc -c  -DNOCONTRIB -DHAVE_RESTRICT=1  conftest.c >&5
configure:5237: $? = 0
configure:5237: result: yes
configure:5237: checking for sys/stat.h
configure:5237: gcc -c  -DNOCONTRIB -DHAVE_RESTRICT=1  conftest.c >&5
configure:5237: $? = 0
configure:5237: result: yes
configure:5237: checking for stdlib.h
configure:5237: gcc -c  -DNOCONTRIB -DHAVE_RESTRICT=1  conftest.c >&5
configure:5237: $? = 0
configure:5237: result: yes
configure:5237: checking for string.h
configure:5237: gcc -c  -DNOCONTRIB -DHAVE_RESTRICT=1  conftest.c >&5
configure:5237: $? = 0
configure:5237: result: yes
configure:5237: checking for memory.h
configure:5237: gcc -c  -DNOCONTRIB -DHAVE_RESTRICT=1  conftest.c >&5
configure:5237: $? = 0
configure:5237: result: yes
configure:5237: checking for strings.h
configure:5237: gcc -c  -DNOCONTRIB -DHAVE_RESTRICT=1  conftest.c >&5
configure:5237: $? = 0
configure:5237: result: yes
configure:5237: checking for inttypes.h
configure:5237: gcc -c  -DNOCONTRIB -DHAVE_RESTRICT=1  conftest.c >&5
configure:5237: $? = 0
configure:5237: result: yes
configure:5237: checking for stdint.h
configure:5237: gcc -c  -DNOCONTRIB -DHAVE_RESTRICT=1  conftest.c >&5
configure:5237: $? = 0
configure:5237: result: yes
configure:5237: checking for unistd.h
configure:5237: gcc -c  -DNOCONTRIB -DHAVE_RESTRICT=1  conftest.c >&5
configure:5237: $? = 0
configure:5237: result: yes
configure:5249: checking whether byte ordering is bigendian
configure:5264: gcc -c  -DNOCONTRIB -DHAVE_RESTRICT=1  conftest.c >&5
configure:5264: $? = 0
configure:5309: gcc -c  -DNOCONTRIB -DHAVE_RESTRICT=1  conftest.c >&5
configure:5309: $? = 0
configure:5327: gcc -c  -DNOCONTRIB -DHAVE_RESTRICT=1  conftest.c >&5
conftest.c:26:4: error: use of undeclared identifier 'not'
                 not big endian
                 ^
1 error generated.
configure:5327: $? = 1
configure: failed program was:
| /* confdefs.h */
| #define PACKAGE_NAME ""
| #define PACKAGE_TARNAME ""
| #define PACKAGE_VERSION ""
| #define PACKAGE_STRING ""
| #define PACKAGE_BUGREPORT ""
| #define PACKAGE_URL ""
| #define STDC_HEADERS 1
| #define HAVE_SYS_TYPES_H 1
| #define HAVE_SYS_STAT_H 1
| #define HAVE_STDLIB_H 1
| #define HAVE_STRING_H 1
| #define HAVE_MEMORY_H 1
| #define HAVE_STRINGS_H 1
| #define HAVE_INTTYPES_H 1
| #define HAVE_STDINT_H 1
| #define HAVE_UNISTD_H 1
| /* end confdefs.h.  */
| #include <sys/types.h>
| 		#include <sys/param.h>
| 
| int
| main ()
| {
| #if BYTE_ORDER != BIG_ENDIAN
| 		 not big endian
| 		#endif
| 
|   ;
|   return 0;
| }
configure:5455: result: no
configure:5474: checking sse2 support
configure:5496: gcc -o conftest  -DNOCONTRIB -DHAVE_RESTRICT=1  -O2 -DNDEBUG   conftest.c  >&5
configure:5496: $? = 0
configure:5514: result: yes
configure:5538: checking for dirent.h that defines DIR
configure:5557: gcc -c  -DNOCONTRIB -DHAVE_RESTRICT=1  conftest.c >&5
configure:5557: $? = 0
configure:5565: result: yes
configure:5578: checking for library containing opendir
configure:5609: gcc -o conftest  -DNOCONTRIB -DHAVE_RESTRICT=1   conftest.c  >&5
configure:5609: $? = 0
configure:5626: result: none required
configure:5693: checking for ANSI C header files
configure:5797: result: yes
configure:5808: checking errno.h usability
configure:5808: gcc -c  -DNOCONTRIB -DHAVE_RESTRICT=1  conftest.c >&5
configure:5808: $? = 0
configure:5808: result: yes
configure:5808: checking errno.h presence
configure:5808: gcc -E  conftest.c
configure:5808: $? = 0
configure:5808: result: yes
configure:5808: checking for errno.h
configure:5808: result: yes
configure:5808: checking fcntl.h usability
configure:5808: gcc -c  -DNOCONTRIB -DHAVE_RESTRICT=1  conftest.c >&5
configure:5808: $? = 0
configure:5808: result: yes
configure:5808: checking fcntl.h presence
configure:5808: gcc -E  conftest.c
configure:5808: $? = 0
configure:5808: result: yes
configure:5808: checking for fcntl.h
configure:5808: result: yes
configure:5808: checking limits.h usability
configure:5808: gcc -c  -DNOCONTRIB -DHAVE_RESTRICT=1  conftest.c >&5
configure:5808: $? = 0
configure:5808: result: yes
configure:5808: checking limits.h presence
configure:5808: gcc -E  conftest.c
configure:5808: $? = 0
configure:5808: result: yes
configure:5808: checking for limits.h
configure:5808: result: yes
configure:5808: checking malloc.h usability
configure:5808: gcc -c  -DNOCONTRIB -DHAVE_RESTRICT=1  conftest.c >&5
conftest.c:57:10: fatal error: 'malloc.h' file not found
#include <malloc.h>
         ^~~~~~~~~~
1 error generated.
configure:5808: $? = 1
configure: failed program was:
| /* confdefs.h */
| #define PACKAGE_NAME ""
| #define PACKAGE_TARNAME ""
| #define PACKAGE_VERSION ""
| #define PACKAGE_STRING ""
| #define PACKAGE_BUGREPORT ""
| #define PACKAGE_URL ""
| #define STDC_HEADERS 1
| #define HAVE_SYS_TYPES_H 1
| #define HAVE_SYS_STAT_H 1
| #define HAVE_STDLIB_H 1
| #define HAVE_STRING_H 1
| #define HAVE_MEMORY_H 1
| #define HAVE_STRINGS_H 1
| #define HAVE_INTTYPES_H 1
| #define HAVE_STDINT_H 1
| #define HAVE_UNISTD_H 1
| #define HAVE_DIRENT_H 1
| #define STDC_HEADERS 1
| #define HAVE_ERRNO_H 1
| #define HAVE_FCNTL_H 1
| #define HAVE_LIMITS_H 1
| /* end confdefs.h.  */
| #include <stdio.h>
| #ifdef HAVE_SYS_TYPES_H
| # include <sys/types.h>
| #endif
| #ifdef HAVE_SYS_STAT_H
| # include <sys/stat.h>
| #endif
| #ifdef STDC_HEADERS
| # include <stdlib.h>
| # include <stddef.h>
| #else
| # ifdef HAVE_STDLIB_H
| #  include <stdlib.h>
| # endif
| #endif
| #ifdef HAVE_STRING_H
| # if !defined STDC_HEADERS && defined HAVE_MEMORY_H
| #  include <memory.h>
| # endif
| # include <string.h>
| #endif
| #ifdef HAVE_STRINGS_H
| # include <strings.h>
| #endif
| #ifdef HAVE_INTTYPES_H
| # include <inttypes.h>
| #endif
| #ifdef HAVE_STDINT_H
| # include <stdint.h>
| #endif
| #ifdef HAVE_UNISTD_H
| # include <unistd.h>
| #endif
| #include <malloc.h>
configure:5808: result: no
configure:5808: checking malloc.h presence
configure:5808: gcc -E  conftest.c
conftest.c:24:10: fatal error: 'malloc.h' file not found
#include <malloc.h>
         ^~~~~~~~~~
1 error generated.
configure:5808: $? = 1
configure: failed program was:
| /* confdefs.h */
| #define PACKAGE_NAME ""
| #define PACKAGE_TARNAME ""
| #define PACKAGE_VERSION ""
| #define PACKAGE_STRING ""
| #define PACKAGE_BUGREPORT ""
| #define PACKAGE_URL ""
| #define STDC_HEADERS 1
| #define HAVE_SYS_TYPES_H 1
| #define HAVE_SYS_STAT_H 1
| #define HAVE_STDLIB_H 1
| #define HAVE_STRING_H 1
| #define HAVE_MEMORY_H 1
| #define HAVE_STRINGS_H 1
| #define HAVE_INTTYPES_H 1
| #define HAVE_STDINT_H 1
| #define HAVE_UNISTD_H 1
| #define HAVE_DIRENT_H 1
| #define STDC_HEADERS 1
| #define HAVE_ERRNO_H 1
| #define HAVE_FCNTL_H 1
| #define HAVE_LIMITS_H 1
| /* end confdefs.h.  */
| #include <malloc.h>
configure:5808: result: no
configure:5808: checking for malloc.h
configure:5808: result: no
configure:5808: checking for memory.h
configure:5808: result: yes
configure:5808: checking for stdlib.h
configure:5808: result: yes
configure:5808: checking for string.h
configure:5808: result: yes
configure:5808: checking for strings.h
configure:5808: result: yes
configure:5808: checking sys/ioctl.h usability
configure:5808: gcc -c  -DNOCONTRIB -DHAVE_RESTRICT=1  conftest.c >&5
configure:5808: $? = 0
configure:5808: result: yes
configure:5808: checking sys/ioctl.h presence
configure:5808: gcc -E  conftest.c
configure:5808: $? = 0
configure:5808: result: yes
configure:5808: checking for sys/ioctl.h
configure:5808: result: yes
configure:5808: checking sys/param.h usability
configure:5808: gcc -c  -DNOCONTRIB -DHAVE_RESTRICT=1  conftest.c >&5
configure:5808: $? = 0
configure:5808: result: yes
configure:5808: checking sys/param.h presence
configure:5808: gcc -E  conftest.c
configure:5808: $? = 0
configure:5808: result: yes
configure:5808: checking for sys/param.h
configure:5808: result: yes
configure:5808: checking sys/time.h usability
configure:5808: gcc -c  -DNOCONTRIB -DHAVE_RESTRICT=1  conftest.c >&5
configure:5808: $? = 0
configure:5808: result: yes
configure:5808: checking sys/time.h presence
configure:5808: gcc -E  conftest.c
configure:5808: $? = 0
configure:5808: result: yes
configure:5808: checking for sys/time.h
configure:5808: result: yes
configure:5808: checking sys/times.h usability
configure:5808: gcc -c  -DNOCONTRIB -DHAVE_RESTRICT=1  conftest.c >&5
configure:5808: $? = 0
configure:5808: result: yes
configure:5808: checking sys/times.h presence
configure:5808: gcc -E  conftest.c
configure:5808: $? = 0
configure:5808: result: yes
configure:5808: checking for sys/times.h
configure:5808: result: yes
configure:5808: checking syslog.h usability
configure:5808: gcc -c  -DNOCONTRIB -DHAVE_RESTRICT=1  conftest.c >&5
configure:5808: $? = 0
configure:5808: result: yes
configure:5808: checking syslog.h presence
configure:5808: gcc -E  conftest.c
configure:5808: $? = 0
configure:5808: result: yes
configure:5808: checking for syslog.h
configure:5808: result: yes
configure:5808: checking for unistd.h
configure:5808: result: yes
configure:5808: checking dirent.h usability
configure:5808: gcc -c  -DNOCONTRIB -DHAVE_RESTRICT=1  conftest.c >&5
configure:5808: $? = 0
configure:5808: result: yes
configure:5808: checking dirent.h presence
configure:5808: gcc -E  conftest.c
configure:5808: $? = 0
configure:5808: result: yes
configure:5808: checking for dirent.h
configure:5808: result: yes
configure:5808: checking ndir.h usability
configure:5808: gcc -c  -DNOCONTRIB -DHAVE_RESTRICT=1  conftest.c >&5
conftest.c:68:10: fatal error: 'ndir.h' file not found
#include <ndir.h>
         ^~~~~~~~
1 error generated.
configure:5808: $? = 1
configure: failed program was:
| /* confdefs.h */
| #define PACKAGE_NAME ""
| #define PACKAGE_TARNAME ""
| #define PACKAGE_VERSION ""
| #define PACKAGE_STRING ""
| #define PACKAGE_BUGREPORT ""
| #define PACKAGE_URL ""
| #define STDC_HEADERS 1
| #define HAVE_SYS_TYPES_H 1
| #define HAVE_SYS_STAT_H 1
| #define HAVE_STDLIB_H 1
| #define HAVE_STRING_H 1
| #define HAVE_MEMORY_H 1
| #define HAVE_STRINGS_H 1
| #define HAVE_INTTYPES_H 1
| #define HAVE_STDINT_H 1
| #define HAVE_UNISTD_H 1
| #define HAVE_DIRENT_H 1
| #define STDC_HEADERS 1
| #define HAVE_ERRNO_H 1
| #define HAVE_FCNTL_H 1
| #define HAVE_LIMITS_H 1
| #define HAVE_MEMORY_H 1
| #define HAVE_STDLIB_H 1
| #define HAVE_STRING_H 1
| #define HAVE_STRINGS_H 1
| #define HAVE_SYS_IOCTL_H 1
| #define HAVE_SYS_PARAM_H 1
| #define HAVE_SYS_TIME_H 1
| #define HAVE_SYS_TIMES_H 1
| #define HAVE_SYSLOG_H 1
| #define HAVE_UNISTD_H 1
| #define HAVE_DIRENT_H 1
| /* end confdefs.h.  */
| #include <stdio.h>
| #ifdef HAVE_SYS_TYPES_H
| # include <sys/types.h>
| #endif
| #ifdef HAVE_SYS_STAT_H
| # include <sys/stat.h>
| #endif
| #ifdef STDC_HEADERS
| # include <stdlib.h>
| # include <stddef.h>
| #else
| # ifdef HAVE_STDLIB_H
| #  include <stdlib.h>
| # endif
| #endif
| #ifdef HAVE_STRING_H
| # if !defined STDC_HEADERS && defined HAVE_MEMORY_H
| #  include <memory.h>
| # endif
| # include <string.h>
| #endif
| #ifdef HAVE_STRINGS_H
| # include <strings.h>
| #endif
| #ifdef HAVE_INTTYPES_H
| # include <inttypes.h>
| #endif
| #ifdef HAVE_STDINT_H
| # include <stdint.h>
| #endif
| #ifdef HAVE_UNISTD_H
| # include <unistd.h>
| #endif
| #include <ndir.h>
configure:5808: result: no
configure:5808: checking ndir.h presence
configure:5808: gcc -E  conftest.c
conftest.c:35:10: fatal error: 'ndir.h' file not found
#include <ndir.h>
         ^~~~~~~~
1 error generated.
configure:5808: $? = 1
configure: failed program was:
| /* confdefs.h */
| #define PACKAGE_NAME ""
| #define PACKAGE_TARNAME ""
| #define PACKAGE_VERSION ""
| #define PACKAGE_STRING ""
| #define PACKAGE_BUGREPORT ""
| #define PACKAGE_URL ""
| #define STDC_HEADERS 1
| #define HAVE_SYS_TYPES_H 1
| #define HAVE_SYS_STAT_H 1
| #define HAVE_STDLIB_H 1
| #define HAVE_STRING_H 1
| #define HAVE_MEMORY_H 1
| #define HAVE_STRINGS_H 1
| #define HAVE_INTTYPES_H 1
| #define HAVE_STDINT_H 1
| #define HAVE_UNISTD_H 1
| #define HAVE_DIRENT_H 1
| #define STDC_HEADERS 1
| #define HAVE_ERRNO_H 1
| #define HAVE_FCNTL_H 1
| #define HAVE_LIMITS_H 1
| #define HAVE_MEMORY_H 1
| #define HAVE_STDLIB_H 1
| #define HAVE_STRING_H 1
| #define HAVE_STRINGS_H 1
| #define HAVE_SYS_IOCTL_H 1
| #define HAVE_SYS_PARAM_H 1
| #define HAVE_SYS_TIME_H 1
| #define HAVE_SYS_TIMES_H 1
| #define HAVE_SYSLOG_H 1
| #define HAVE_UNISTD_H 1
| #define HAVE_DIRENT_H 1
| /* end confdefs.h.  */
| #include <ndir.h>
configure:5808: result: no
configure:5808: checking for ndir.h
configure:5808: result: no
configure:5808: checking sys/dir.h usability
configure:5808: gcc -c  -DNOCONTRIB -DHAVE_RESTRICT=1  conftest.c >&5
configure:5808: $? = 0
configure:5808: result: yes
configure:5808: checking sys/dir.h presence
configure:5808: gcc -E  conftest.c
configure:5808: $? = 0
configure:5808: result: yes
configure:5808: checking for sys/dir.h
configure:5808: result: yes
configure:5808: checking sys/ndir.h usability
configure:5808: gcc -c  -DNOCONTRIB -DHAVE_RESTRICT=1  conftest.c >&5
conftest.c:69:10: fatal error: 'sys/ndir.h' file not found
#include <sys/ndir.h>
         ^~~~~~~~~~~~
1 error generated.
configure:5808: $? = 1
configure: failed program was:
| /* confdefs.h */
| #define PACKAGE_NAME ""
| #define PACKAGE_TARNAME ""
| #define PACKAGE_VERSION ""
| #define PACKAGE_STRING ""
| #define PACKAGE_BUGREPORT ""
| #define PACKAGE_URL ""
| #define STDC_HEADERS 1
| #define HAVE_SYS_TYPES_H 1
| #define HAVE_SYS_STAT_H 1
| #define HAVE_STDLIB_H 1
| #define HAVE_STRING_H 1
| #define HAVE_MEMORY_H 1
| #define HAVE_STRINGS_H 1
| #define HAVE_INTTYPES_H 1
| #define HAVE_STDINT_H 1
| #define HAVE_UNISTD_H 1
| #define HAVE_DIRENT_H 1
| #define STDC_HEADERS 1
| #define HAVE_ERRNO_H 1
| #define HAVE_FCNTL_H 1
| #define HAVE_LIMITS_H 1
| #define HAVE_MEMORY_H 1
| #define HAVE_STDLIB_H 1
| #define HAVE_STRING_H 1
| #define HAVE_STRINGS_H 1
| #define HAVE_SYS_IOCTL_H 1
| #define HAVE_SYS_PARAM_H 1
| #define HAVE_SYS_TIME_H 1
| #define HAVE_SYS_TIMES_H 1
| #define HAVE_SYSLOG_H 1
| #define HAVE_UNISTD_H 1
| #define HAVE_DIRENT_H 1
| #define HAVE_SYS_DIR_H 1
| /* end confdefs.h.  */
| #include <stdio.h>
| #ifdef HAVE_SYS_TYPES_H
| # include <sys/types.h>
| #endif
| #ifdef HAVE_SYS_STAT_H
| # include <sys/stat.h>
| #endif
| #ifdef STDC_HEADERS
| # include <stdlib.h>
| # include <stddef.h>
| #else
| # ifdef HAVE_STDLIB_H
| #  include <stdlib.h>
| # endif
| #endif
| #ifdef HAVE_STRING_H
| # if !defined STDC_HEADERS && defined HAVE_MEMORY_H
| #  include <memory.h>
| # endif
| # include <string.h>
| #endif
| #ifdef HAVE_STRINGS_H
| # include <strings.h>
| #endif
| #ifdef HAVE_INTTYPES_H
| # include <inttypes.h>
| #endif
| #ifdef HAVE_STDINT_H
| # include <stdint.h>
| #endif
| #ifdef HAVE_UNISTD_H
| # include <unistd.h>
| #endif
| #include <sys/ndir.h>
configure:5808: result: no
configure:5808: checking sys/ndir.h presence
configure:5808: gcc -E  conftest.c
conftest.c:36:10: fatal error: 'sys/ndir.h' file not found
#include <sys/ndir.h>
         ^~~~~~~~~~~~
1 error generated.
configure:5808: $? = 1
configure: failed program was:
| /* confdefs.h */
| #define PACKAGE_NAME ""
| #define PACKAGE_TARNAME ""
| #define PACKAGE_VERSION ""
| #define PACKAGE_STRING ""
| #define PACKAGE_BUGREPORT ""
| #define PACKAGE_URL ""
| #define STDC_HEADERS 1
| #define HAVE_SYS_TYPES_H 1
| #define HAVE_SYS_STAT_H 1
| #define HAVE_STDLIB_H 1
| #define HAVE_STRING_H 1
| #define HAVE_MEMORY_H 1
| #define HAVE_STRINGS_H 1
| #define HAVE_INTTYPES_H 1
| #define HAVE_STDINT_H 1
| #define HAVE_UNISTD_H 1
| #define HAVE_DIRENT_H 1
| #define STDC_HEADERS 1
| #define HAVE_ERRNO_H 1
| #define HAVE_FCNTL_H 1
| #define HAVE_LIMITS_H 1
| #define HAVE_MEMORY_H 1
| #define HAVE_STDLIB_H 1
| #define HAVE_STRING_H 1
| #define HAVE_STRINGS_H 1
| #define HAVE_SYS_IOCTL_H 1
| #define HAVE_SYS_PARAM_H 1
| #define HAVE_SYS_TIME_H 1
| #define HAVE_SYS_TIMES_H 1
| #define HAVE_SYSLOG_H 1
| #define HAVE_UNISTD_H 1
| #define HAVE_DIRENT_H 1
| #define HAVE_SYS_DIR_H 1
| /* end confdefs.h.  */
| #include <sys/ndir.h>
configure:5808: result: no
configure:5808: checking for sys/ndir.h
configure:5808: result: no
configure:5808: checking for inttypes.h
configure:5808: result: yes
configure:5824: checking if make is GNU make
configure:5827: result: yes
configure:5842: checking sys/window.h usability
configure:5842: gcc -c  -DNOCONTRIB -DHAVE_RESTRICT=1  conftest.c >&5
conftest.c:70:10: fatal error: 'sys/window.h' file not found
#include <sys/window.h>
         ^~~~~~~~~~~~~~
1 error generated.
configure:5842: $? = 1
configure: failed program was:
| /* confdefs.h */
| #define PACKAGE_NAME ""
| #define PACKAGE_TARNAME ""
| #define PACKAGE_VERSION ""
| #define PACKAGE_STRING ""
| #define PACKAGE_BUGREPORT ""
| #define PACKAGE_URL ""
| #define STDC_HEADERS 1
| #define HAVE_SYS_TYPES_H 1
| #define HAVE_SYS_STAT_H 1
| #define HAVE_STDLIB_H 1
| #define HAVE_STRING_H 1
| #define HAVE_MEMORY_H 1
| #define HAVE_STRINGS_H 1
| #define HAVE_INTTYPES_H 1
| #define HAVE_STDINT_H 1
| #define HAVE_UNISTD_H 1
| #define HAVE_DIRENT_H 1
| #define STDC_HEADERS 1
| #define HAVE_ERRNO_H 1
| #define HAVE_FCNTL_H 1
| #define HAVE_LIMITS_H 1
| #define HAVE_MEMORY_H 1
| #define HAVE_STDLIB_H 1
| #define HAVE_STRING_H 1
| #define HAVE_STRINGS_H 1
| #define HAVE_SYS_IOCTL_H 1
| #define HAVE_SYS_PARAM_H 1
| #define HAVE_SYS_TIME_H 1
| #define HAVE_SYS_TIMES_H 1
| #define HAVE_SYSLOG_H 1
| #define HAVE_UNISTD_H 1
| #define HAVE_DIRENT_H 1
| #define HAVE_SYS_DIR_H 1
| #define HAVE_INTTYPES_H 1
| /* end confdefs.h.  */
| #include <stdio.h>
| #ifdef HAVE_SYS_TYPES_H
| # include <sys/types.h>
| #endif
| #ifdef HAVE_SYS_STAT_H
| # include <sys/stat.h>
| #endif
| #ifdef STDC_HEADERS
| # include <stdlib.h>
| # include <stddef.h>
| #else
| # ifdef HAVE_STDLIB_H
| #  include <stdlib.h>
| # endif
| #endif
| #ifdef HAVE_STRING_H
| # if !defined STDC_HEADERS && defined HAVE_MEMORY_H
| #  include <memory.h>
| # endif
| # include <string.h>
| #endif
| #ifdef HAVE_STRINGS_H
| # include <strings.h>
| #endif
| #ifdef HAVE_INTTYPES_H
| # include <inttypes.h>
| #endif
| #ifdef HAVE_STDINT_H
| # include <stdint.h>
| #endif
| #ifdef HAVE_UNISTD_H
| # include <unistd.h>
| #endif
| #include <sys/window.h>
configure:5842: result: no
configure:5842: checking sys/window.h presence
configure:5842: gcc -E  conftest.c
conftest.c:37:10: fatal error: 'sys/window.h' file not found
#include <sys/window.h>
         ^~~~~~~~~~~~~~
1 error generated.
configure:5842: $? = 1
configure: failed program was:
| /* confdefs.h */
| #define PACKAGE_NAME ""
| #define PACKAGE_TARNAME ""
| #define PACKAGE_VERSION ""
| #define PACKAGE_STRING ""
| #define PACKAGE_BUGREPORT ""
| #define PACKAGE_URL ""
| #define STDC_HEADERS 1
| #define HAVE_SYS_TYPES_H 1
| #define HAVE_SYS_STAT_H 1
| #define HAVE_STDLIB_H 1
| #define HAVE_STRING_H 1
| #define HAVE_MEMORY_H 1
| #define HAVE_STRINGS_H 1
| #define HAVE_INTTYPES_H 1
| #define HAVE_STDINT_H 1
| #define HAVE_UNISTD_H 1
| #define HAVE_DIRENT_H 1
| #define STDC_HEADERS 1
| #define HAVE_ERRNO_H 1
| #define HAVE_FCNTL_H 1
| #define HAVE_LIMITS_H 1
| #define HAVE_MEMORY_H 1
| #define HAVE_STDLIB_H 1
| #define HAVE_STRING_H 1
| #define HAVE_STRINGS_H 1
| #define HAVE_SYS_IOCTL_H 1
| #define HAVE_SYS_PARAM_H 1
| #define HAVE_SYS_TIME_H 1
| #define HAVE_SYS_TIMES_H 1
| #define HAVE_SYSLOG_H 1
| #define HAVE_UNISTD_H 1
| #define HAVE_DIRENT_H 1
| #define HAVE_SYS_DIR_H 1
| #define HAVE_INTTYPES_H 1
| /* end confdefs.h.  */
| #include <sys/window.h>
configure:5842: result: no
configure:5842: checking for sys/window.h
configure:5842: result: no
configure:5850: checking for an ANSI C-conforming const
configure:5916: gcc -c  -DNOCONTRIB -DHAVE_RESTRICT=1  conftest.c >&5
configure:5916: $? = 0
configure:5923: result: yes
configure:5931: checking for inline
configure:5947: gcc -c  -DNOCONTRIB -DHAVE_RESTRICT=1  conftest.c >&5
configure:5947: $? = 0
configure:5955: result: inline
configure:5973: checking for mode_t
configure:5973: gcc -c  -DNOCONTRIB -DHAVE_RESTRICT=1  conftest.c >&5
configure:5973: $? = 0
configure:5973: gcc -c  -DNOCONTRIB -DHAVE_RESTRICT=1  conftest.c >&5
conftest.c:73:21: error: expected expression
if (sizeof ((mode_t)))
                    ^
1 error generated.
configure:5973: $? = 1
configure: failed program was:
| /* confdefs.h */
| #define PACKAGE_NAME ""
| #define PACKAGE_TARNAME ""
| #define PACKAGE_VERSION ""
| #define PACKAGE_STRING ""
| #define PACKAGE_BUGREPORT ""
| #define PACKAGE_URL ""
| #define STDC_HEADERS 1
| #define HAVE_SYS_TYPES_H 1
| #define HAVE_SYS_STAT_H 1
| #define HAVE_STDLIB_H 1
| #define HAVE_STRING_H 1
| #define HAVE_MEMORY_H 1
| #define HAVE_STRINGS_H 1
| #define HAVE_INTTYPES_H 1
| #define HAVE_STDINT_H 1
| #define HAVE_UNISTD_H 1
| #define HAVE_DIRENT_H 1
| #define STDC_HEADERS 1
| #define HAVE_ERRNO_H 1
| #define HAVE_FCNTL_H 1
| #define HAVE_LIMITS_H 1
| #define HAVE_MEMORY_H 1
| #define HAVE_STDLIB_H 1
| #define HAVE_STRING_H 1
| #define HAVE_STRINGS_H 1
| #define HAVE_SYS_IOCTL_H 1
| #define HAVE_SYS_PARAM_H 1
| #define HAVE_SYS_TIME_H 1
| #define HAVE_SYS_TIMES_H 1
| #define HAVE_SYSLOG_H 1
| #define HAVE_UNISTD_H 1
| #define HAVE_DIRENT_H 1
| #define HAVE_SYS_DIR_H 1
| #define HAVE_INTTYPES_H 1
| /* end confdefs.h.  */
| #include <stdio.h>
| #ifdef HAVE_SYS_TYPES_H
| # include <sys/types.h>
| #endif
| #ifdef HAVE_SYS_STAT_H
| # include <sys/stat.h>
| #endif
| #ifdef STDC_HEADERS
| # include <stdlib.h>
| # include <stddef.h>
| #else
| # ifdef HAVE_STDLIB_H
| #  include <stdlib.h>
| # endif
| #endif
| #ifdef HAVE_STRING_H
| # if !defined STDC_HEADERS && defined HAVE_MEMORY_H
| #  include <memory.h>
| # endif
| # include <string.h>
| #endif
| #ifdef HAVE_STRINGS_H
| # include <strings.h>
| #endif
| #ifdef HAVE_INTTYPES_H
| # include <inttypes.h>
| #endif
| #ifdef HAVE_STDINT_H
| # include <stdint.h>
| #endif
| #ifdef HAVE_UNISTD_H
| # include <unistd.h>
| #endif
| int
| main ()
| {
| if (sizeof ((mode_t)))
| 	    return 0;
|   ;
|   return 0;
| }
configure:5973: result: yes
configure:5984: checking for off_t
configure:5984: gcc -c  -DNOCONTRIB -DHAVE_RESTRICT=1  conftest.c >&5
configure:5984: $? = 0
configure:5984: gcc -c  -DNOCONTRIB -DHAVE_RESTRICT=1  conftest.c >&5
conftest.c:73:20: error: expected expression
if (sizeof ((off_t)))
                   ^
1 error generated.
configure:5984: $? = 1
configure: failed program was:
| /* confdefs.h */
| #define PACKAGE_NAME ""
| #define PACKAGE_TARNAME ""
| #define PACKAGE_VERSION ""
| #define PACKAGE_STRING ""
| #define PACKAGE_BUGREPORT ""
| #define PACKAGE_URL ""
| #define STDC_HEADERS 1
| #define HAVE_SYS_TYPES_H 1
| #define HAVE_SYS_STAT_H 1
| #define HAVE_STDLIB_H 1
| #define HAVE_STRING_H 1
| #define HAVE_MEMORY_H 1
| #define HAVE_STRINGS_H 1
| #define HAVE_INTTYPES_H 1
| #define HAVE_STDINT_H 1
| #define HAVE_UNISTD_H 1
| #define HAVE_DIRENT_H 1
| #define STDC_HEADERS 1
| #define HAVE_ERRNO_H 1
| #define HAVE_FCNTL_H 1
| #define HAVE_LIMITS_H 1
| #define HAVE_MEMORY_H 1
| #define HAVE_STDLIB_H 1
| #define HAVE_STRING_H 1
| #define HAVE_STRINGS_H 1
| #define HAVE_SYS_IOCTL_H 1
| #define HAVE_SYS_PARAM_H 1
| #define HAVE_SYS_TIME_H 1
| #define HAVE_SYS_TIMES_H 1
| #define HAVE_SYSLOG_H 1
| #define HAVE_UNISTD_H 1
| #define HAVE_DIRENT_H 1
| #define HAVE_SYS_DIR_H 1
| #define HAVE_INTTYPES_H 1
| /* end confdefs.h.  */
| #include <stdio.h>
| #ifdef HAVE_SYS_TYPES_H
| # include <sys/types.h>
| #endif
| #ifdef HAVE_SYS_STAT_H
| # include <sys/stat.h>
| #endif
| #ifdef STDC_HEADERS
| # include <stdlib.h>
| # include <stddef.h>
| #else
| # ifdef HAVE_STDLIB_H
| #  include <stdlib.h>
| # endif
| #endif
| #ifdef HAVE_STRING_H
| # if !defined STDC_HEADERS && defined HAVE_MEMORY_H
| #  include <memory.h>
| # endif
| # include <string.h>
| #endif
| #ifdef HAVE_STRINGS_H
| # include <strings.h>
| #endif
| #ifdef HAVE_INTTYPES_H
| # include <inttypes.h>
| #endif
| #ifdef HAVE_STDINT_H
| # include <stdint.h>
| #endif
| #ifdef HAVE_UNISTD_H
| # include <unistd.h>
| #endif
| int
| main ()
| {
| if (sizeof ((off_t)))
| 	    return 0;
|   ;
|   return 0;
| }
configure:5984: result: yes
configure:5995: checking for size_t
configure:5995: gcc -c  -DNOCONTRIB -DHAVE_RESTRICT=1  conftest.c >&5
configure:5995: $? = 0
configure:5995: gcc -c  -DNOCONTRIB -DHAVE_RESTRICT=1  conftest.c >&5
conftest.c:73:21: error: expected expression
if (sizeof ((size_t)))
                    ^
1 error generated.
configure:5995: $? = 1
configure: failed program was:
| /* confdefs.h */
| #define PACKAGE_NAME ""
| #define PACKAGE_TARNAME ""
| #define PACKAGE_VERSION ""
| #define PACKAGE_STRING ""
| #define PACKAGE_BUGREPORT ""
| #define PACKAGE_URL ""
| #define STDC_HEADERS 1
| #define HAVE_SYS_TYPES_H 1
| #define HAVE_SYS_STAT_H 1
| #define HAVE_STDLIB_H 1
| #define HAVE_STRING_H 1
| #define HAVE_MEMORY_H 1
| #define HAVE_STRINGS_H 1
| #define HAVE_INTTYPES_H 1
| #define HAVE_STDINT_H 1
| #define HAVE_UNISTD_H 1
| #define HAVE_DIRENT_H 1
| #define STDC_HEADERS 1
| #define HAVE_ERRNO_H 1
| #define HAVE_FCNTL_H 1
| #define HAVE_LIMITS_H 1
| #define HAVE_MEMORY_H 1
| #define HAVE_STDLIB_H 1
| #define HAVE_STRING_H 1
| #define HAVE_STRINGS_H 1
| #define HAVE_SYS_IOCTL_H 1
| #define HAVE_SYS_PARAM_H 1
| #define HAVE_SYS_TIME_H 1
| #define HAVE_SYS_TIMES_H 1
| #define HAVE_SYSLOG_H 1
| #define HAVE_UNISTD_H 1
| #define HAVE_DIRENT_H 1
| #define HAVE_SYS_DIR_H 1
| #define HAVE_INTTYPES_H 1
| /* end confdefs.h.  */
| #include <stdio.h>
| #ifdef HAVE_SYS_TYPES_H
| # include <sys/types.h>
| #endif
| #ifdef HAVE_SYS_STAT_H
| # include <sys/stat.h>
| #endif
| #ifdef STDC_HEADERS
| # include <stdlib.h>
| # include <stddef.h>
| #else
| # ifdef HAVE_STDLIB_H
| #  include <stdlib.h>
| # endif
| #endif
| #ifdef HAVE_STRING_H
| # if !defined STDC_HEADERS && defined HAVE_MEMORY_H
| #  include <memory.h>
| # endif
| # include <string.h>
| #endif
| #ifdef HAVE_STRINGS_H
| # include <strings.h>
| #endif
| #ifdef HAVE_INTTYPES_H
| # include <inttypes.h>
| #endif
| #ifdef HAVE_STDINT_H
| # include <stdint.h>
| #endif
| #ifdef HAVE_UNISTD_H
| # include <unistd.h>
| #endif
| int
| main ()
| {
| if (sizeof ((size_t)))
| 	    return 0;
|   ;
|   return 0;
| }
configure:5995: result: yes
configure:6006: checking for struct stat.st_blocks
configure:6006: gcc -c  -DNOCONTRIB -DHAVE_RESTRICT=1  conftest.c >&5
configure:6006: $? = 0
configure:6006: result: yes
configure:6026: checking whether time.h and sys/time.h may both be included
configure:6046: gcc -c  -DNOCONTRIB -DHAVE_RESTRICT=1  conftest.c >&5
configure:6046: $? = 0
configure:6053: result: yes
configure:6061: checking whether struct tm is in sys/time.h or time.h
configure:6081: gcc -c  -DNOCONTRIB -DHAVE_RESTRICT=1  conftest.c >&5
configure:6081: $? = 0
configure:6088: result: time.h
configure:6201: checking for dlopen in -ldl
configure:6226: gcc -o conftest  -DNOCONTRIB -DHAVE_RESTRICT=1   conftest.c -ldl   >&5
configure:6226: $? = 0
configure:6235: result: yes
configure:6238: checking dlfcn.h usability
configure:6238: gcc -c  -DNOCONTRIB -DHAVE_RESTRICT=1  conftest.c >&5
configure:6238: $? = 0
configure:6238: result: yes
configure:6238: checking dlfcn.h presence
configure:6238: gcc -E  conftest.c
configure:6238: $? = 0
configure:6238: result: yes
configure:6238: checking for dlfcn.h
configure:6238: result: yes
configure:6263: checking size of unsigned long long
configure:6268: gcc -o conftest  -DNOCONTRIB -DHAVE_RESTRICT=1   conftest.c -ldl  >&5
configure:6268: $? = 0
configure:6268: ./conftest
configure:6268: $? = 0
configure:6282: result: 8
configure:6586: checking for cos in -lm
configure:6611: gcc -o conftest  -DNOCONTRIB -DHAVE_RESTRICT=1   conftest.c -lm  -ldl  >&5
conftest.c:48:6: warning: incompatible redeclaration of library function 'cos' [-Wincompatible-library-redeclaration]
char cos ();
     ^
conftest.c:48:6: note: 'cos' is a builtin with type 'double (double)'
1 warning generated.
configure:6611: $? = 0
configure:6620: result: yes
configure:6635: checking for pread
configure:6635: gcc -o conftest  -DNOCONTRIB -DHAVE_RESTRICT=1   conftest.c -lm -ldl  >&5
configure:6635: $? = 0
configure:6635: result: yes
configure:6635: checking for pwrite
configure:6635: gcc -o conftest  -DNOCONTRIB -DHAVE_RESTRICT=1   conftest.c -lm -ldl  >&5
configure:6635: $? = 0
configure:6635: result: yes
configure:6650: checking whether pwrite is declared
configure:6650: gcc -c  -DNOCONTRIB -DHAVE_RESTRICT=1 -D__USE_UNIX98=1 -D_XOPEN_SOURCE=500  conftest.c >&5
configure:6650: $? = 0
configure:6650: result: yes
configure:6665: checking whether pread is declared
configure:6665: gcc -c  -DNOCONTRIB -DHAVE_RESTRICT=1 -D__USE_UNIX98=1 -D_XOPEN_SOURCE=500  conftest.c >&5
configure:6665: $? = 0
configure:6665: result: yes
configure:6689: checking whether popen is declared
configure:6689: gcc -c  -DNOCONTRIB -DHAVE_RESTRICT=1  conftest.c >&5
configure:6689: $? = 0
configure:6689: result: yes
configure:6712: checking for pthread_create in -lpthread
configure:6737: gcc -o conftest  -DNOCONTRIB -DHAVE_RESTRICT=1   conftest.c -lpthread  -lm -ldl  >&5
configure:6737: $? = 0
configure:6746: result: yes
configure:6755: checking for recursive mutexes
configure:6779: gcc -c  -DNOCONTRIB -DHAVE_RESTRICT=1  conftest.c >&5
configure:6779: $? = 0
configure:6812: result: PTHREAD_MUTEX_RECURSIVE
configure:6837: checking for local Tesseract library source
configure:6840: result: yes
configure:6960: checking for C++ compiler version
configure:6969: /Applications/Xcode.app/Contents/Developer/Toolchains/XcodeDefault.xctoolchain/usr/bin/clang++ --version >&5
Apple clang version 12.0.0 (clang-1200.0.32.29)
Target: x86_64-apple-darwin19.6.0
Thread model: posix
InstalledDir: /Applications/Xcode.app/Contents/Developer/Toolchains/XcodeDefault.xctoolchain/usr/bin
configure:6980: $? = 0
configure:6969: /Applications/Xcode.app/Contents/Developer/Toolchains/XcodeDefault.xctoolchain/usr/bin/clang++ -v >&5
Apple clang version 12.0.0 (clang-1200.0.32.29)
Target: x86_64-apple-darwin19.6.0
Thread model: posix
InstalledDir: /Applications/Xcode.app/Contents/Developer/Toolchains/XcodeDefault.xctoolchain/usr/bin
configure:6980: $? = 0
configure:6969: /Applications/Xcode.app/Contents/Developer/Toolchains/XcodeDefault.xctoolchain/usr/bin/clang++ -V >&5
clang: error: argument to '-V' is missing (expected 1 value)
clang: error: no input files
configure:6980: $? = 1
configure:6969: /Applications/Xcode.app/Contents/Developer/Toolchains/XcodeDefault.xctoolchain/usr/bin/clang++ -qversion >&5
clang: error: unknown argument '-qversion'; did you mean '--version'?
clang: error: no input files
configure:6980: $? = 1
configure:6984: checking whether we are using the GNU C++ compiler
configure:7003: /Applications/Xcode.app/Contents/Developer/Toolchains/XcodeDefault.xctoolchain/usr/bin/clang++ -c -arch arm64 -I/Applications/Xcode.app/Contents/Developer/Platforms/iPhoneOS.platform/Developer/SDKs/iPhoneOS14.4.sdk/usr/include -isysroot /Applications/Xcode.app/Contents/Developer/Platforms/iPhoneOS.platform/Developer/SDKs/iPhoneOS14.4.sdk -miphoneos-version-min=9.0 -miphoneos-version-min=9.0  conftest.cpp >&5
configure:7003: $? = 0
configure:7012: result: yes
configure:7021: checking whether /Applications/Xcode.app/Contents/Developer/Toolchains/XcodeDefault.xctoolchain/usr/bin/clang++ accepts -g
configure:7041: /Applications/Xcode.app/Contents/Developer/Toolchains/XcodeDefault.xctoolchain/usr/bin/clang++ -c -g  conftest.cpp >&5
configure:7041: $? = 0
configure:7082: result: yes
configure:7117: /Applications/Xcode.app/Contents/Developer/Toolchains/XcodeDefault.xctoolchain/usr/bin/clang++ -c -arch arm64 -I/Applications/Xcode.app/Contents/Developer/Platforms/iPhoneOS.platform/Developer/SDKs/iPhoneOS14.4.sdk/usr/include -isysroot /Applications/Xcode.app/Contents/Developer/Platforms/iPhoneOS.platform/Developer/SDKs/iPhoneOS14.4.sdk -miphoneos-version-min=9.0 -miphoneos-version-min=9.0  conftest.cpp >&5
configure:7117: $? = 0
configure:7134: checking supported C++ compiler flags
configure:7150: /Applications/Xcode.app/Contents/Developer/Toolchains/XcodeDefault.xctoolchain/usr/bin/clang++ -c -arch arm64 -I/Applications/Xcode.app/Contents/Developer/Platforms/iPhoneOS.platform/Developer/SDKs/iPhoneOS14.4.sdk/usr/include -isysroot /Applications/Xcode.app/Contents/Developer/Platforms/iPhoneOS.platform/Developer/SDKs/iPhoneOS14.4.sdk -miphoneos-version-min=9.0 -miphoneos-version-min=9.0 -std=c++17  conftest.cpp >&5
configure:7150: $? = 0
configure:7150: /Applications/Xcode.app/Contents/Developer/Toolchains/XcodeDefault.xctoolchain/usr/bin/clang++ -c  -DNOCONTRIB -DHAVE_RESTRICT=1 -stdlib=libstdc++  conftest.cpp >&5
clang: warning: include path for libstdc++ headers not found; pass '-stdlib=libc++' on the command line to use the libc++ standard library instead [-Wstdlibcxx-not-found]
configure:7150: $? = 0
configure:7162: checking sse4.1 support
configure:7186: /Applications/Xcode.app/Contents/Developer/Toolchains/XcodeDefault.xctoolchain/usr/bin/clang++ -o conftest -arch arm64 -I/Applications/Xcode.app/Contents/Developer/Platforms/iPhoneOS.platform/Developer/SDKs/iPhoneOS14.4.sdk/usr/include -isysroot /Applications/Xcode.app/Contents/Developer/Platforms/iPhoneOS.platform/Developer/SDKs/iPhoneOS14.4.sdk -miphoneos-version-min=9.0 -miphoneos-version-min=9.0  -std=c++17 -stdlib=libstdc++ -msse4.1   conftest.cpp -lm -ldl  >&5
clang: warning: include path for libstdc++ headers not found; pass '-stdlib=libc++' on the command line to use the libc++ standard library instead [-Wstdlibcxx-not-found]
clang: warning: libstdc++ is deprecated; move to libc++ [-Wdeprecated]
In file included from conftest.cpp:46:
In file included from /Applications/Xcode.app/Contents/Developer/Toolchains/XcodeDefault.xctoolchain/usr/lib/clang/12.0.0/include/emmintrin.h:13:
In file included from /Applications/Xcode.app/Contents/Developer/Toolchains/XcodeDefault.xctoolchain/usr/lib/clang/12.0.0/include/xmmintrin.h:13:
/Applications/Xcode.app/Contents/Developer/Toolchains/XcodeDefault.xctoolchain/usr/lib/clang/12.0.0/include/mmintrin.h:33:5: error: use of undeclared identifier '__builtin_ia32_emms'; did you mean '__builtin_isless'?
    __builtin_ia32_emms();
    ^
/Applications/Xcode.app/Contents/Developer/Toolchains/XcodeDefault.xctoolchain/usr/lib/clang/12.0.0/include/mmintrin.h:33:5: note: '__builtin_isless' declared here
/Applications/Xcode.app/Contents/Developer/Toolchains/XcodeDefault.xctoolchain/usr/lib/clang/12.0.0/include/mmintrin.h:33:25: error: too few arguments to function call, expected 2, have 0
    __builtin_ia32_emms();
                        ^
/Applications/Xcode.app/Contents/Developer/Toolchains/XcodeDefault.xctoolchain/usr/lib/clang/12.0.0/include/mmintrin.h:50:19: error: use of undeclared identifier '__builtin_ia32_vec_init_v2si'
    return (__m64)__builtin_ia32_vec_init_v2si(__i, 0);
                  ^
/Applications/Xcode.app/Contents/Developer/Toolchains/XcodeDefault.xctoolchain/usr/lib/clang/12.0.0/include/mmintrin.h:67:12: error: use of undeclared identifier '__builtin_ia32_vec_ext_v2si'
    return __builtin_ia32_vec_ext_v2si((__v2si)__m, 0);
           ^
/Applications/Xcode.app/Contents/Developer/Toolchains/XcodeDefault.xctoolchain/usr/lib/clang/12.0.0/include/mmintrin.h:129:19: error: use of undeclared identifier '__builtin_ia32_packsswb'
    return (__m64)__builtin_ia32_packsswb((__v4hi)__m1, (__v4hi)__m2);
                  ^
/Applications/Xcode.app/Contents/Developer/Toolchains/XcodeDefault.xctoolchain/usr/lib/clang/12.0.0/include/mmintrin.h:159:19: error: use of undeclared identifier '__builtin_ia32_packssdw'
    return (__m64)__builtin_ia32_packssdw((__v2si)__m1, (__v2si)__m2);
                  ^
/Applications/Xcode.app/Contents/Developer/Toolchains/XcodeDefault.xctoolchain/usr/lib/clang/12.0.0/include/mmintrin.h:189:19: error: use of undeclared identifier '__builtin_ia32_packuswb'
    return (__m64)__builtin_ia32_packuswb((__v4hi)__m1, (__v4hi)__m2);
                  ^
/Applications/Xcode.app/Contents/Developer/Toolchains/XcodeDefault.xctoolchain/usr/lib/clang/12.0.0/include/mmintrin.h:216:19: error: use of undeclared identifier '__builtin_ia32_punpckhbw'
    return (__m64)__builtin_ia32_punpckhbw((__v8qi)__m1, (__v8qi)__m2);
                  ^
/Applications/Xcode.app/Contents/Developer/Toolchains/XcodeDefault.xctoolchain/usr/lib/clang/12.0.0/include/mmintrin.h:239:19: error: use of undeclared identifier '__builtin_ia32_punpckhwd'
    return (__m64)__builtin_ia32_punpckhwd((__v4hi)__m1, (__v4hi)__m2);
                  ^
/Applications/Xcode.app/Contents/Developer/Toolchains/XcodeDefault.xctoolchain/usr/lib/clang/12.0.0/include/mmintrin.h:260:19: error: use of undeclared identifier '__builtin_ia32_punpckhdq'
    return (__m64)__builtin_ia32_punpckhdq((__v2si)__m1, (__v2si)__m2);
                  ^
/Applications/Xcode.app/Contents/Developer/Toolchains/XcodeDefault.xctoolchain/usr/lib/clang/12.0.0/include/mmintrin.h:287:19: error: use of undeclared identifier '__builtin_ia32_punpcklbw'
    return (__m64)__builtin_ia32_punpcklbw((__v8qi)__m1, (__v8qi)__m2);
                  ^
/Applications/Xcode.app/Contents/Developer/Toolchains/XcodeDefault.xctoolchain/usr/lib/clang/12.0.0/include/mmintrin.h:310:19: error: use of undeclared identifier '__builtin_ia32_punpcklwd'
    return (__m64)__builtin_ia32_punpcklwd((__v4hi)__m1, (__v4hi)__m2);
                  ^
/Applications/Xcode.app/Contents/Developer/Toolchains/XcodeDefault.xctoolchain/usr/lib/clang/12.0.0/include/mmintrin.h:331:19: error: use of undeclared identifier '__builtin_ia32_punpckldq'
    return (__m64)__builtin_ia32_punpckldq((__v2si)__m1, (__v2si)__m2);
                  ^
/Applications/Xcode.app/Contents/Developer/Toolchains/XcodeDefault.xctoolchain/usr/lib/clang/12.0.0/include/mmintrin.h:352:19: error: use of undeclared identifier '__builtin_ia32_paddb'; did you mean '__builtin_arm_addg'?
    return (__m64)__builtin_ia32_paddb((__v8qi)__m1, (__v8qi)__m2);
                  ^
/Applications/Xcode.app/Contents/Developer/Toolchains/XcodeDefault.xctoolchain/usr/lib/clang/12.0.0/include/mmintrin.h:352:19: note: '__builtin_arm_addg' declared here
/Applications/Xcode.app/Contents/Developer/Toolchains/XcodeDefault.xctoolchain/usr/lib/clang/12.0.0/include/mmintrin.h:352:19: error: first argument of MTE builtin function must be a pointer ('__v8qi' (vector of 8 'char' values) invalid)
    return (__m64)__builtin_ia32_paddb((__v8qi)__m1, (__v8qi)__m2);
                  ^                    ~~~~~~~~~~~~
/Applications/Xcode.app/Contents/Developer/Toolchains/XcodeDefault.xctoolchain/usr/lib/clang/12.0.0/include/mmintrin.h:373:19: error: use of undeclared identifier '__builtin_ia32_paddw'; did you mean '__builtin_arm_addg'?
    return (__m64)__builtin_ia32_paddw((__v4hi)__m1, (__v4hi)__m2);
                  ^
/Applications/Xcode.app/Contents/Developer/Toolchains/XcodeDefault.xctoolchain/usr/lib/clang/12.0.0/include/mmintrin.h:352:19: note: '__builtin_arm_addg' declared here
    return (__m64)__builtin_ia32_paddb((__v8qi)__m1, (__v8qi)__m2);
                  ^
/Applications/Xcode.app/Contents/Developer/Toolchains/XcodeDefault.xctoolchain/usr/lib/clang/12.0.0/include/mmintrin.h:373:19: error: first argument of MTE builtin function must be a pointer ('__v4hi' (vector of 4 'short' values) invalid)
    return (__m64)__builtin_ia32_paddw((__v4hi)__m1, (__v4hi)__m2);
                  ^                    ~~~~~~~~~~~~
/Applications/Xcode.app/Contents/Developer/Toolchains/XcodeDefault.xctoolchain/usr/lib/clang/12.0.0/include/mmintrin.h:394:19: error: use of undeclared identifier '__builtin_ia32_paddd'; did you mean '__builtin_arm_addg'?
    return (__m64)__builtin_ia32_paddd((__v2si)__m1, (__v2si)__m2);
                  ^
/Applications/Xcode.app/Contents/Developer/Toolchains/XcodeDefault.xctoolchain/usr/lib/clang/12.0.0/include/mmintrin.h:352:19: note: '__builtin_arm_addg' declared here
    return (__m64)__builtin_ia32_paddb((__v8qi)__m1, (__v8qi)__m2);
                  ^
/Applications/Xcode.app/Contents/Developer/Toolchains/XcodeDefault.xctoolchain/usr/lib/clang/12.0.0/include/mmintrin.h:394:19: error: first argument of MTE builtin function must be a pointer ('__v2si' (vector of 2 'int' values) invalid)
    return (__m64)__builtin_ia32_paddd((__v2si)__m1, (__v2si)__m2);
                  ^                    ~~~~~~~~~~~~
fatal error: too many errors emitted, stopping now [-ferror-limit=]
20 errors generated.
configure:7186: $? = 1
configure: failed program was:
| /* confdefs.h */
| #define PACKAGE_NAME ""
| #define PACKAGE_TARNAME ""
| #define PACKAGE_VERSION ""
| #define PACKAGE_STRING ""
| #define PACKAGE_BUGREPORT ""
| #define PACKAGE_URL ""
| #define STDC_HEADERS 1
| #define HAVE_SYS_TYPES_H 1
| #define HAVE_SYS_STAT_H 1
| #define HAVE_STDLIB_H 1
| #define HAVE_STRING_H 1
| #define HAVE_MEMORY_H 1
| #define HAVE_STRINGS_H 1
| #define HAVE_INTTYPES_H 1
| #define HAVE_STDINT_H 1
| #define HAVE_UNISTD_H 1
| #define HAVE_DIRENT_H 1
| #define STDC_HEADERS 1
| #define HAVE_ERRNO_H 1
| #define HAVE_FCNTL_H 1
| #define HAVE_LIMITS_H 1
| #define HAVE_MEMORY_H 1
| #define HAVE_STDLIB_H 1
| #define HAVE_STRING_H 1
| #define HAVE_STRINGS_H 1
| #define HAVE_SYS_IOCTL_H 1
| #define HAVE_SYS_PARAM_H 1
| #define HAVE_SYS_TIME_H 1
| #define HAVE_SYS_TIMES_H 1
| #define HAVE_SYSLOG_H 1
| #define HAVE_UNISTD_H 1
| #define HAVE_DIRENT_H 1
| #define HAVE_SYS_DIR_H 1
| #define HAVE_INTTYPES_H 1
| #define HAVE_STRUCT_STAT_ST_BLOCKS 1
| #define HAVE_ST_BLOCKS 1
| #define TIME_WITH_SYS_TIME 1
| #define SIZEOF_UNSIGNED_LONG_LONG 8
| #define HAVE_LIBM 1
| #define HAVE_PREAD 1
| #define HAVE_PWRITE 1
| #define HAVE_DECL_PWRITE 1
| #define HAVE_DECL_PREAD 1
| /* end confdefs.h.  */
| #include <emmintrin.h>
|                           #include <smmintrin.h>
| int
| main ()
| {
| __m128i input1;
|                           unsigned char buf1[128];
|                           input1 = _mm_loadu_si128((const __m128i *)buf1);
|                           input1 = _mm_hadd_epi32(input1, input1);
|                           return(0);
| 
|   ;
|   return 0;
| }
configure:7199: result: no
configure:7203: checking avx support
configure:7221: /Applications/Xcode.app/Contents/Developer/Toolchains/XcodeDefault.xctoolchain/usr/bin/clang++ -o conftest -arch arm64 -I/Applications/Xcode.app/Contents/Developer/Platforms/iPhoneOS.platform/Developer/SDKs/iPhoneOS14.4.sdk/usr/include -isysroot /Applications/Xcode.app/Contents/Developer/Platforms/iPhoneOS.platform/Developer/SDKs/iPhoneOS14.4.sdk -miphoneos-version-min=9.0 -miphoneos-version-min=9.0  -std=c++17 -stdlib=libstdc++ -mavx   conftest.cpp -lm -ldl  >&5
clang: warning: include path for libstdc++ headers not found; pass '-stdlib=libc++' on the command line to use the libc++ standard library instead [-Wstdlibcxx-not-found]
clang: warning: libstdc++ is deprecated; move to libc++ [-Wdeprecated]
In file included from conftest.cpp:46:
In file included from /Applications/Xcode.app/Contents/Developer/Toolchains/XcodeDefault.xctoolchain/usr/lib/clang/12.0.0/include/immintrin.h:14:
/Applications/Xcode.app/Contents/Developer/Toolchains/XcodeDefault.xctoolchain/usr/lib/clang/12.0.0/include/mmintrin.h:33:5: error: use of undeclared identifier '__builtin_ia32_emms'; did you mean '__builtin_isless'?
    __builtin_ia32_emms();
    ^
/Applications/Xcode.app/Contents/Developer/Toolchains/XcodeDefault.xctoolchain/usr/lib/clang/12.0.0/include/mmintrin.h:33:5: note: '__builtin_isless' declared here
/Applications/Xcode.app/Contents/Developer/Toolchains/XcodeDefault.xctoolchain/usr/lib/clang/12.0.0/include/mmintrin.h:33:25: error: too few arguments to function call, expected 2, have 0
    __builtin_ia32_emms();
                        ^
/Applications/Xcode.app/Contents/Developer/Toolchains/XcodeDefault.xctoolchain/usr/lib/clang/12.0.0/include/mmintrin.h:50:19: error: use of undeclared identifier '__builtin_ia32_vec_init_v2si'
    return (__m64)__builtin_ia32_vec_init_v2si(__i, 0);
                  ^
/Applications/Xcode.app/Contents/Developer/Toolchains/XcodeDefault.xctoolchain/usr/lib/clang/12.0.0/include/mmintrin.h:67:12: error: use of undeclared identifier '__builtin_ia32_vec_ext_v2si'
    return __builtin_ia32_vec_ext_v2si((__v2si)__m, 0);
           ^
/Applications/Xcode.app/Contents/Developer/Toolchains/XcodeDefault.xctoolchain/usr/lib/clang/12.0.0/include/mmintrin.h:129:19: error: use of undeclared identifier '__builtin_ia32_packsswb'
    return (__m64)__builtin_ia32_packsswb((__v4hi)__m1, (__v4hi)__m2);
                  ^
/Applications/Xcode.app/Contents/Developer/Toolchains/XcodeDefault.xctoolchain/usr/lib/clang/12.0.0/include/mmintrin.h:159:19: error: use of undeclared identifier '__builtin_ia32_packssdw'
    return (__m64)__builtin_ia32_packssdw((__v2si)__m1, (__v2si)__m2);
                  ^
/Applications/Xcode.app/Contents/Developer/Toolchains/XcodeDefault.xctoolchain/usr/lib/clang/12.0.0/include/mmintrin.h:189:19: error: use of undeclared identifier '__builtin_ia32_packuswb'
    return (__m64)__builtin_ia32_packuswb((__v4hi)__m1, (__v4hi)__m2);
                  ^
/Applications/Xcode.app/Contents/Developer/Toolchains/XcodeDefault.xctoolchain/usr/lib/clang/12.0.0/include/mmintrin.h:216:19: error: use of undeclared identifier '__builtin_ia32_punpckhbw'
    return (__m64)__builtin_ia32_punpckhbw((__v8qi)__m1, (__v8qi)__m2);
                  ^
/Applications/Xcode.app/Contents/Developer/Toolchains/XcodeDefault.xctoolchain/usr/lib/clang/12.0.0/include/mmintrin.h:239:19: error: use of undeclared identifier '__builtin_ia32_punpckhwd'
    return (__m64)__builtin_ia32_punpckhwd((__v4hi)__m1, (__v4hi)__m2);
                  ^
/Applications/Xcode.app/Contents/Developer/Toolchains/XcodeDefault.xctoolchain/usr/lib/clang/12.0.0/include/mmintrin.h:260:19: error: use of undeclared identifier '__builtin_ia32_punpckhdq'
    return (__m64)__builtin_ia32_punpckhdq((__v2si)__m1, (__v2si)__m2);
                  ^
/Applications/Xcode.app/Contents/Developer/Toolchains/XcodeDefault.xctoolchain/usr/lib/clang/12.0.0/include/mmintrin.h:287:19: error: use of undeclared identifier '__builtin_ia32_punpcklbw'
    return (__m64)__builtin_ia32_punpcklbw((__v8qi)__m1, (__v8qi)__m2);
                  ^
/Applications/Xcode.app/Contents/Developer/Toolchains/XcodeDefault.xctoolchain/usr/lib/clang/12.0.0/include/mmintrin.h:310:19: error: use of undeclared identifier '__builtin_ia32_punpcklwd'
    return (__m64)__builtin_ia32_punpcklwd((__v4hi)__m1, (__v4hi)__m2);
                  ^
/Applications/Xcode.app/Contents/Developer/Toolchains/XcodeDefault.xctoolchain/usr/lib/clang/12.0.0/include/mmintrin.h:331:19: error: use of undeclared identifier '__builtin_ia32_punpckldq'
    return (__m64)__builtin_ia32_punpckldq((__v2si)__m1, (__v2si)__m2);
                  ^
/Applications/Xcode.app/Contents/Developer/Toolchains/XcodeDefault.xctoolchain/usr/lib/clang/12.0.0/include/mmintrin.h:352:19: error: use of undeclared identifier '__builtin_ia32_paddb'; did you mean '__builtin_arm_addg'?
    return (__m64)__builtin_ia32_paddb((__v8qi)__m1, (__v8qi)__m2);
                  ^
/Applications/Xcode.app/Contents/Developer/Toolchains/XcodeDefault.xctoolchain/usr/lib/clang/12.0.0/include/mmintrin.h:352:19: note: '__builtin_arm_addg' declared here
/Applications/Xcode.app/Contents/Developer/Toolchains/XcodeDefault.xctoolchain/usr/lib/clang/12.0.0/include/mmintrin.h:352:19: error: first argument of MTE builtin function must be a pointer ('__v8qi' (vector of 8 'char' values) invalid)
    return (__m64)__builtin_ia32_paddb((__v8qi)__m1, (__v8qi)__m2);
                  ^                    ~~~~~~~~~~~~
/Applications/Xcode.app/Contents/Developer/Toolchains/XcodeDefault.xctoolchain/usr/lib/clang/12.0.0/include/mmintrin.h:373:19: error: use of undeclared identifier '__builtin_ia32_paddw'; did you mean '__builtin_arm_addg'?
    return (__m64)__builtin_ia32_paddw((__v4hi)__m1, (__v4hi)__m2);
                  ^
/Applications/Xcode.app/Contents/Developer/Toolchains/XcodeDefault.xctoolchain/usr/lib/clang/12.0.0/include/mmintrin.h:352:19: note: '__builtin_arm_addg' declared here
    return (__m64)__builtin_ia32_paddb((__v8qi)__m1, (__v8qi)__m2);
                  ^
/Applications/Xcode.app/Contents/Developer/Toolchains/XcodeDefault.xctoolchain/usr/lib/clang/12.0.0/include/mmintrin.h:373:19: error: first argument of MTE builtin function must be a pointer ('__v4hi' (vector of 4 'short' values) invalid)
    return (__m64)__builtin_ia32_paddw((__v4hi)__m1, (__v4hi)__m2);
                  ^                    ~~~~~~~~~~~~
/Applications/Xcode.app/Contents/Developer/Toolchains/XcodeDefault.xctoolchain/usr/lib/clang/12.0.0/include/mmintrin.h:394:19: error: use of undeclared identifier '__builtin_ia32_paddd'; did you mean '__builtin_arm_addg'?
    return (__m64)__builtin_ia32_paddd((__v2si)__m1, (__v2si)__m2);
                  ^
/Applications/Xcode.app/Contents/Developer/Toolchains/XcodeDefault.xctoolchain/usr/lib/clang/12.0.0/include/mmintrin.h:352:19: note: '__builtin_arm_addg' declared here
    return (__m64)__builtin_ia32_paddb((__v8qi)__m1, (__v8qi)__m2);
                  ^
/Applications/Xcode.app/Contents/Developer/Toolchains/XcodeDefault.xctoolchain/usr/lib/clang/12.0.0/include/mmintrin.h:394:19: error: first argument of MTE builtin function must be a pointer ('__v2si' (vector of 2 'int' values) invalid)
    return (__m64)__builtin_ia32_paddd((__v2si)__m1, (__v2si)__m2);
                  ^                    ~~~~~~~~~~~~
fatal error: too many errors emitted, stopping now [-ferror-limit=]
20 errors generated.
configure:7221: $? = 1
configure: failed program was:
| /* confdefs.h */
| #define PACKAGE_NAME ""
| #define PACKAGE_TARNAME ""
| #define PACKAGE_VERSION ""
| #define PACKAGE_STRING ""
| #define PACKAGE_BUGREPORT ""
| #define PACKAGE_URL ""
| #define STDC_HEADERS 1
| #define HAVE_SYS_TYPES_H 1
| #define HAVE_SYS_STAT_H 1
| #define HAVE_STDLIB_H 1
| #define HAVE_STRING_H 1
| #define HAVE_MEMORY_H 1
| #define HAVE_STRINGS_H 1
| #define HAVE_INTTYPES_H 1
| #define HAVE_STDINT_H 1
| #define HAVE_UNISTD_H 1
| #define HAVE_DIRENT_H 1
| #define STDC_HEADERS 1
| #define HAVE_ERRNO_H 1
| #define HAVE_FCNTL_H 1
| #define HAVE_LIMITS_H 1
| #define HAVE_MEMORY_H 1
| #define HAVE_STDLIB_H 1
| #define HAVE_STRING_H 1
| #define HAVE_STRINGS_H 1
| #define HAVE_SYS_IOCTL_H 1
| #define HAVE_SYS_PARAM_H 1
| #define HAVE_SYS_TIME_H 1
| #define HAVE_SYS_TIMES_H 1
| #define HAVE_SYSLOG_H 1
| #define HAVE_UNISTD_H 1
| #define HAVE_DIRENT_H 1
| #define HAVE_SYS_DIR_H 1
| #define HAVE_INTTYPES_H 1
| #define HAVE_STRUCT_STAT_ST_BLOCKS 1
| #define HAVE_ST_BLOCKS 1
| #define TIME_WITH_SYS_TIME 1
| #define SIZEOF_UNSIGNED_LONG_LONG 8
| #define HAVE_LIBM 1
| #define HAVE_PREAD 1
| #define HAVE_PWRITE 1
| #define HAVE_DECL_PWRITE 1
| #define HAVE_DECL_PREAD 1
| /* end confdefs.h.  */
| #include <immintrin.h>
| int
| main ()
| {
| __m256d input1 = _mm256_setzero_pd();
|                           input1 = _mm256_hadd_pd(input1, input1);
|                           return(0);
|   ;
|   return 0;
| }
configure:7234: result: no
configure:7238: checking avx2 support
configure:7258: /Applications/Xcode.app/Contents/Developer/Toolchains/XcodeDefault.xctoolchain/usr/bin/clang++ -o conftest -arch arm64 -I/Applications/Xcode.app/Contents/Developer/Platforms/iPhoneOS.platform/Developer/SDKs/iPhoneOS14.4.sdk/usr/include -isysroot /Applications/Xcode.app/Contents/Developer/Platforms/iPhoneOS.platform/Developer/SDKs/iPhoneOS14.4.sdk -miphoneos-version-min=9.0 -miphoneos-version-min=9.0  -std=c++17 -stdlib=libstdc++ -mavx2   conftest.cpp -lm -ldl  >&5
clang: warning: include path for libstdc++ headers not found; pass '-stdlib=libc++' on the command line to use the libc++ standard library instead [-Wstdlibcxx-not-found]
clang: warning: libstdc++ is deprecated; move to libc++ [-Wdeprecated]
In file included from conftest.cpp:46:
In file included from /Applications/Xcode.app/Contents/Developer/Toolchains/XcodeDefault.xctoolchain/usr/lib/clang/12.0.0/include/immintrin.h:14:
/Applications/Xcode.app/Contents/Developer/Toolchains/XcodeDefault.xctoolchain/usr/lib/clang/12.0.0/include/mmintrin.h:33:5: error: use of undeclared identifier '__builtin_ia32_emms'; did you mean '__builtin_isless'?
    __builtin_ia32_emms();
    ^
/Applications/Xcode.app/Contents/Developer/Toolchains/XcodeDefault.xctoolchain/usr/lib/clang/12.0.0/include/mmintrin.h:33:5: note: '__builtin_isless' declared here
/Applications/Xcode.app/Contents/Developer/Toolchains/XcodeDefault.xctoolchain/usr/lib/clang/12.0.0/include/mmintrin.h:33:25: error: too few arguments to function call, expected 2, have 0
    __builtin_ia32_emms();
                        ^
/Applications/Xcode.app/Contents/Developer/Toolchains/XcodeDefault.xctoolchain/usr/lib/clang/12.0.0/include/mmintrin.h:50:19: error: use of undeclared identifier '__builtin_ia32_vec_init_v2si'
    return (__m64)__builtin_ia32_vec_init_v2si(__i, 0);
                  ^
/Applications/Xcode.app/Contents/Developer/Toolchains/XcodeDefault.xctoolchain/usr/lib/clang/12.0.0/include/mmintrin.h:67:12: error: use of undeclared identifier '__builtin_ia32_vec_ext_v2si'
    return __builtin_ia32_vec_ext_v2si((__v2si)__m, 0);
           ^
/Applications/Xcode.app/Contents/Developer/Toolchains/XcodeDefault.xctoolchain/usr/lib/clang/12.0.0/include/mmintrin.h:129:19: error: use of undeclared identifier '__builtin_ia32_packsswb'
    return (__m64)__builtin_ia32_packsswb((__v4hi)__m1, (__v4hi)__m2);
                  ^
/Applications/Xcode.app/Contents/Developer/Toolchains/XcodeDefault.xctoolchain/usr/lib/clang/12.0.0/include/mmintrin.h:159:19: error: use of undeclared identifier '__builtin_ia32_packssdw'
    return (__m64)__builtin_ia32_packssdw((__v2si)__m1, (__v2si)__m2);
                  ^
/Applications/Xcode.app/Contents/Developer/Toolchains/XcodeDefault.xctoolchain/usr/lib/clang/12.0.0/include/mmintrin.h:189:19: error: use of undeclared identifier '__builtin_ia32_packuswb'
    return (__m64)__builtin_ia32_packuswb((__v4hi)__m1, (__v4hi)__m2);
                  ^
/Applications/Xcode.app/Contents/Developer/Toolchains/XcodeDefault.xctoolchain/usr/lib/clang/12.0.0/include/mmintrin.h:216:19: error: use of undeclared identifier '__builtin_ia32_punpckhbw'
    return (__m64)__builtin_ia32_punpckhbw((__v8qi)__m1, (__v8qi)__m2);
                  ^
/Applications/Xcode.app/Contents/Developer/Toolchains/XcodeDefault.xctoolchain/usr/lib/clang/12.0.0/include/mmintrin.h:239:19: error: use of undeclared identifier '__builtin_ia32_punpckhwd'
    return (__m64)__builtin_ia32_punpckhwd((__v4hi)__m1, (__v4hi)__m2);
                  ^
/Applications/Xcode.app/Contents/Developer/Toolchains/XcodeDefault.xctoolchain/usr/lib/clang/12.0.0/include/mmintrin.h:260:19: error: use of undeclared identifier '__builtin_ia32_punpckhdq'
    return (__m64)__builtin_ia32_punpckhdq((__v2si)__m1, (__v2si)__m2);
                  ^
/Applications/Xcode.app/Contents/Developer/Toolchains/XcodeDefault.xctoolchain/usr/lib/clang/12.0.0/include/mmintrin.h:287:19: error: use of undeclared identifier '__builtin_ia32_punpcklbw'
    return (__m64)__builtin_ia32_punpcklbw((__v8qi)__m1, (__v8qi)__m2);
                  ^
/Applications/Xcode.app/Contents/Developer/Toolchains/XcodeDefault.xctoolchain/usr/lib/clang/12.0.0/include/mmintrin.h:310:19: error: use of undeclared identifier '__builtin_ia32_punpcklwd'
    return (__m64)__builtin_ia32_punpcklwd((__v4hi)__m1, (__v4hi)__m2);
                  ^
/Applications/Xcode.app/Contents/Developer/Toolchains/XcodeDefault.xctoolchain/usr/lib/clang/12.0.0/include/mmintrin.h:331:19: error: use of undeclared identifier '__builtin_ia32_punpckldq'
    return (__m64)__builtin_ia32_punpckldq((__v2si)__m1, (__v2si)__m2);
                  ^
/Applications/Xcode.app/Contents/Developer/Toolchains/XcodeDefault.xctoolchain/usr/lib/clang/12.0.0/include/mmintrin.h:352:19: error: use of undeclared identifier '__builtin_ia32_paddb'; did you mean '__builtin_arm_addg'?
    return (__m64)__builtin_ia32_paddb((__v8qi)__m1, (__v8qi)__m2);
                  ^
/Applications/Xcode.app/Contents/Developer/Toolchains/XcodeDefault.xctoolchain/usr/lib/clang/12.0.0/include/mmintrin.h:352:19: note: '__builtin_arm_addg' declared here
/Applications/Xcode.app/Contents/Developer/Toolchains/XcodeDefault.xctoolchain/usr/lib/clang/12.0.0/include/mmintrin.h:352:19: error: first argument of MTE builtin function must be a pointer ('__v8qi' (vector of 8 'char' values) invalid)
    return (__m64)__builtin_ia32_paddb((__v8qi)__m1, (__v8qi)__m2);
                  ^                    ~~~~~~~~~~~~
/Applications/Xcode.app/Contents/Developer/Toolchains/XcodeDefault.xctoolchain/usr/lib/clang/12.0.0/include/mmintrin.h:373:19: error: use of undeclared identifier '__builtin_ia32_paddw'; did you mean '__builtin_arm_addg'?
    return (__m64)__builtin_ia32_paddw((__v4hi)__m1, (__v4hi)__m2);
                  ^
/Applications/Xcode.app/Contents/Developer/Toolchains/XcodeDefault.xctoolchain/usr/lib/clang/12.0.0/include/mmintrin.h:352:19: note: '__builtin_arm_addg' declared here
    return (__m64)__builtin_ia32_paddb((__v8qi)__m1, (__v8qi)__m2);
                  ^
/Applications/Xcode.app/Contents/Developer/Toolchains/XcodeDefault.xctoolchain/usr/lib/clang/12.0.0/include/mmintrin.h:373:19: error: first argument of MTE builtin function must be a pointer ('__v4hi' (vector of 4 'short' values) invalid)
    return (__m64)__builtin_ia32_paddw((__v4hi)__m1, (__v4hi)__m2);
                  ^                    ~~~~~~~~~~~~
/Applications/Xcode.app/Contents/Developer/Toolchains/XcodeDefault.xctoolchain/usr/lib/clang/12.0.0/include/mmintrin.h:394:19: error: use of undeclared identifier '__builtin_ia32_paddd'; did you mean '__builtin_arm_addg'?
    return (__m64)__builtin_ia32_paddd((__v2si)__m1, (__v2si)__m2);
                  ^
/Applications/Xcode.app/Contents/Developer/Toolchains/XcodeDefault.xctoolchain/usr/lib/clang/12.0.0/include/mmintrin.h:352:19: note: '__builtin_arm_addg' declared here
    return (__m64)__builtin_ia32_paddb((__v8qi)__m1, (__v8qi)__m2);
                  ^
/Applications/Xcode.app/Contents/Developer/Toolchains/XcodeDefault.xctoolchain/usr/lib/clang/12.0.0/include/mmintrin.h:394:19: error: first argument of MTE builtin function must be a pointer ('__v2si' (vector of 2 'int' values) invalid)
    return (__m64)__builtin_ia32_paddd((__v2si)__m1, (__v2si)__m2);
                  ^                    ~~~~~~~~~~~~
fatal error: too many errors emitted, stopping now [-ferror-limit=]
20 errors generated.
configure:7258: $? = 1
configure: failed program was:
| /* confdefs.h */
| #define PACKAGE_NAME ""
| #define PACKAGE_TARNAME ""
| #define PACKAGE_VERSION ""
| #define PACKAGE_STRING ""
| #define PACKAGE_BUGREPORT ""
| #define PACKAGE_URL ""
| #define STDC_HEADERS 1
| #define HAVE_SYS_TYPES_H 1
| #define HAVE_SYS_STAT_H 1
| #define HAVE_STDLIB_H 1
| #define HAVE_STRING_H 1
| #define HAVE_MEMORY_H 1
| #define HAVE_STRINGS_H 1
| #define HAVE_INTTYPES_H 1
| #define HAVE_STDINT_H 1
| #define HAVE_UNISTD_H 1
| #define HAVE_DIRENT_H 1
| #define STDC_HEADERS 1
| #define HAVE_ERRNO_H 1
| #define HAVE_FCNTL_H 1
| #define HAVE_LIMITS_H 1
| #define HAVE_MEMORY_H 1
| #define HAVE_STDLIB_H 1
| #define HAVE_STRING_H 1
| #define HAVE_STRINGS_H 1
| #define HAVE_SYS_IOCTL_H 1
| #define HAVE_SYS_PARAM_H 1
| #define HAVE_SYS_TIME_H 1
| #define HAVE_SYS_TIMES_H 1
| #define HAVE_SYSLOG_H 1
| #define HAVE_UNISTD_H 1
| #define HAVE_DIRENT_H 1
| #define HAVE_SYS_DIR_H 1
| #define HAVE_INTTYPES_H 1
| #define HAVE_STRUCT_STAT_ST_BLOCKS 1
| #define HAVE_ST_BLOCKS 1
| #define TIME_WITH_SYS_TIME 1
| #define SIZEOF_UNSIGNED_LONG_LONG 8
| #define HAVE_LIBM 1
| #define HAVE_PREAD 1
| #define HAVE_PWRITE 1
| #define HAVE_DECL_PWRITE 1
| #define HAVE_DECL_PREAD 1
| /* end confdefs.h.  */
| #include <immintrin.h>
| int
| main ()
| {
| __m256i input1;
|                           unsigned char buf1[256];
|                           input1 = _mm256_loadu_si256((const __m256i *)buf1);
|                           input1 = _mm256_adds_epu8(input1, input1);
|                           return(0);
|   ;
|   return 0;
| }
configure:7271: result: no
configure:7275: checking fma support
configure:7293: /Applications/Xcode.app/Contents/Developer/Toolchains/XcodeDefault.xctoolchain/usr/bin/clang++ -o conftest -arch arm64 -I/Applications/Xcode.app/Contents/Developer/Platforms/iPhoneOS.platform/Developer/SDKs/iPhoneOS14.4.sdk/usr/include -isysroot /Applications/Xcode.app/Contents/Developer/Platforms/iPhoneOS.platform/Developer/SDKs/iPhoneOS14.4.sdk -miphoneos-version-min=9.0 -miphoneos-version-min=9.0  -std=c++17 -stdlib=libstdc++ -mfma   conftest.cpp -lm -ldl  >&5
clang: warning: include path for libstdc++ headers not found; pass '-stdlib=libc++' on the command line to use the libc++ standard library instead [-Wstdlibcxx-not-found]
clang: warning: libstdc++ is deprecated; move to libc++ [-Wdeprecated]
In file included from conftest.cpp:46:
In file included from /Applications/Xcode.app/Contents/Developer/Toolchains/XcodeDefault.xctoolchain/usr/lib/clang/12.0.0/include/immintrin.h:14:
/Applications/Xcode.app/Contents/Developer/Toolchains/XcodeDefault.xctoolchain/usr/lib/clang/12.0.0/include/mmintrin.h:33:5: error: use of undeclared identifier '__builtin_ia32_emms'; did you mean '__builtin_isless'?
    __builtin_ia32_emms();
    ^
/Applications/Xcode.app/Contents/Developer/Toolchains/XcodeDefault.xctoolchain/usr/lib/clang/12.0.0/include/mmintrin.h:33:5: note: '__builtin_isless' declared here
/Applications/Xcode.app/Contents/Developer/Toolchains/XcodeDefault.xctoolchain/usr/lib/clang/12.0.0/include/mmintrin.h:33:25: error: too few arguments to function call, expected 2, have 0
    __builtin_ia32_emms();
                        ^
/Applications/Xcode.app/Contents/Developer/Toolchains/XcodeDefault.xctoolchain/usr/lib/clang/12.0.0/include/mmintrin.h:50:19: error: use of undeclared identifier '__builtin_ia32_vec_init_v2si'
    return (__m64)__builtin_ia32_vec_init_v2si(__i, 0);
                  ^
/Applications/Xcode.app/Contents/Developer/Toolchains/XcodeDefault.xctoolchain/usr/lib/clang/12.0.0/include/mmintrin.h:67:12: error: use of undeclared identifier '__builtin_ia32_vec_ext_v2si'
    return __builtin_ia32_vec_ext_v2si((__v2si)__m, 0);
           ^
/Applications/Xcode.app/Contents/Developer/Toolchains/XcodeDefault.xctoolchain/usr/lib/clang/12.0.0/include/mmintrin.h:129:19: error: use of undeclared identifier '__builtin_ia32_packsswb'
    return (__m64)__builtin_ia32_packsswb((__v4hi)__m1, (__v4hi)__m2);
                  ^
/Applications/Xcode.app/Contents/Developer/Toolchains/XcodeDefault.xctoolchain/usr/lib/clang/12.0.0/include/mmintrin.h:159:19: error: use of undeclared identifier '__builtin_ia32_packssdw'
    return (__m64)__builtin_ia32_packssdw((__v2si)__m1, (__v2si)__m2);
                  ^
/Applications/Xcode.app/Contents/Developer/Toolchains/XcodeDefault.xctoolchain/usr/lib/clang/12.0.0/include/mmintrin.h:189:19: error: use of undeclared identifier '__builtin_ia32_packuswb'
    return (__m64)__builtin_ia32_packuswb((__v4hi)__m1, (__v4hi)__m2);
                  ^
/Applications/Xcode.app/Contents/Developer/Toolchains/XcodeDefault.xctoolchain/usr/lib/clang/12.0.0/include/mmintrin.h:216:19: error: use of undeclared identifier '__builtin_ia32_punpckhbw'
    return (__m64)__builtin_ia32_punpckhbw((__v8qi)__m1, (__v8qi)__m2);
                  ^
/Applications/Xcode.app/Contents/Developer/Toolchains/XcodeDefault.xctoolchain/usr/lib/clang/12.0.0/include/mmintrin.h:239:19: error: use of undeclared identifier '__builtin_ia32_punpckhwd'
    return (__m64)__builtin_ia32_punpckhwd((__v4hi)__m1, (__v4hi)__m2);
                  ^
/Applications/Xcode.app/Contents/Developer/Toolchains/XcodeDefault.xctoolchain/usr/lib/clang/12.0.0/include/mmintrin.h:260:19: error: use of undeclared identifier '__builtin_ia32_punpckhdq'
    return (__m64)__builtin_ia32_punpckhdq((__v2si)__m1, (__v2si)__m2);
                  ^
/Applications/Xcode.app/Contents/Developer/Toolchains/XcodeDefault.xctoolchain/usr/lib/clang/12.0.0/include/mmintrin.h:287:19: error: use of undeclared identifier '__builtin_ia32_punpcklbw'
    return (__m64)__builtin_ia32_punpcklbw((__v8qi)__m1, (__v8qi)__m2);
                  ^
/Applications/Xcode.app/Contents/Developer/Toolchains/XcodeDefault.xctoolchain/usr/lib/clang/12.0.0/include/mmintrin.h:310:19: error: use of undeclared identifier '__builtin_ia32_punpcklwd'
    return (__m64)__builtin_ia32_punpcklwd((__v4hi)__m1, (__v4hi)__m2);
                  ^
/Applications/Xcode.app/Contents/Developer/Toolchains/XcodeDefault.xctoolchain/usr/lib/clang/12.0.0/include/mmintrin.h:331:19: error: use of undeclared identifier '__builtin_ia32_punpckldq'
    return (__m64)__builtin_ia32_punpckldq((__v2si)__m1, (__v2si)__m2);
                  ^
/Applications/Xcode.app/Contents/Developer/Toolchains/XcodeDefault.xctoolchain/usr/lib/clang/12.0.0/include/mmintrin.h:352:19: error: use of undeclared identifier '__builtin_ia32_paddb'; did you mean '__builtin_arm_addg'?
    return (__m64)__builtin_ia32_paddb((__v8qi)__m1, (__v8qi)__m2);
                  ^
/Applications/Xcode.app/Contents/Developer/Toolchains/XcodeDefault.xctoolchain/usr/lib/clang/12.0.0/include/mmintrin.h:352:19: note: '__builtin_arm_addg' declared here
/Applications/Xcode.app/Contents/Developer/Toolchains/XcodeDefault.xctoolchain/usr/lib/clang/12.0.0/include/mmintrin.h:352:19: error: first argument of MTE builtin function must be a pointer ('__v8qi' (vector of 8 'char' values) invalid)
    return (__m64)__builtin_ia32_paddb((__v8qi)__m1, (__v8qi)__m2);
                  ^                    ~~~~~~~~~~~~
/Applications/Xcode.app/Contents/Developer/Toolchains/XcodeDefault.xctoolchain/usr/lib/clang/12.0.0/include/mmintrin.h:373:19: error: use of undeclared identifier '__builtin_ia32_paddw'; did you mean '__builtin_arm_addg'?
    return (__m64)__builtin_ia32_paddw((__v4hi)__m1, (__v4hi)__m2);
                  ^
/Applications/Xcode.app/Contents/Developer/Toolchains/XcodeDefault.xctoolchain/usr/lib/clang/12.0.0/include/mmintrin.h:352:19: note: '__builtin_arm_addg' declared here
    return (__m64)__builtin_ia32_paddb((__v8qi)__m1, (__v8qi)__m2);
                  ^
/Applications/Xcode.app/Contents/Developer/Toolchains/XcodeDefault.xctoolchain/usr/lib/clang/12.0.0/include/mmintrin.h:373:19: error: first argument of MTE builtin function must be a pointer ('__v4hi' (vector of 4 'short' values) invalid)
    return (__m64)__builtin_ia32_paddw((__v4hi)__m1, (__v4hi)__m2);
                  ^                    ~~~~~~~~~~~~
/Applications/Xcode.app/Contents/Developer/Toolchains/XcodeDefault.xctoolchain/usr/lib/clang/12.0.0/include/mmintrin.h:394:19: error: use of undeclared identifier '__builtin_ia32_paddd'; did you mean '__builtin_arm_addg'?
    return (__m64)__builtin_ia32_paddd((__v2si)__m1, (__v2si)__m2);
                  ^
/Applications/Xcode.app/Contents/Developer/Toolchains/XcodeDefault.xctoolchain/usr/lib/clang/12.0.0/include/mmintrin.h:352:19: note: '__builtin_arm_addg' declared here
    return (__m64)__builtin_ia32_paddb((__v8qi)__m1, (__v8qi)__m2);
                  ^
/Applications/Xcode.app/Contents/Developer/Toolchains/XcodeDefault.xctoolchain/usr/lib/clang/12.0.0/include/mmintrin.h:394:19: error: first argument of MTE builtin function must be a pointer ('__v2si' (vector of 2 'int' values) invalid)
    return (__m64)__builtin_ia32_paddd((__v2si)__m1, (__v2si)__m2);
                  ^                    ~~~~~~~~~~~~
fatal error: too many errors emitted, stopping now [-ferror-limit=]
20 errors generated.
configure:7293: $? = 1
configure: failed program was:
| /* confdefs.h */
| #define PACKAGE_NAME ""
| #define PACKAGE_TARNAME ""
| #define PACKAGE_VERSION ""
| #define PACKAGE_STRING ""
| #define PACKAGE_BUGREPORT ""
| #define PACKAGE_URL ""
| #define STDC_HEADERS 1
| #define HAVE_SYS_TYPES_H 1
| #define HAVE_SYS_STAT_H 1
| #define HAVE_STDLIB_H 1
| #define HAVE_STRING_H 1
| #define HAVE_MEMORY_H 1
| #define HAVE_STRINGS_H 1
| #define HAVE_INTTYPES_H 1
| #define HAVE_STDINT_H 1
| #define HAVE_UNISTD_H 1
| #define HAVE_DIRENT_H 1
| #define STDC_HEADERS 1
| #define HAVE_ERRNO_H 1
| #define HAVE_FCNTL_H 1
| #define HAVE_LIMITS_H 1
| #define HAVE_MEMORY_H 1
| #define HAVE_STDLIB_H 1
| #define HAVE_STRING_H 1
| #define HAVE_STRINGS_H 1
| #define HAVE_SYS_IOCTL_H 1
| #define HAVE_SYS_PARAM_H 1
| #define HAVE_SYS_TIME_H 1
| #define HAVE_SYS_TIMES_H 1
| #define HAVE_SYSLOG_H 1
| #define HAVE_UNISTD_H 1
| #define HAVE_DIRENT_H 1
| #define HAVE_SYS_DIR_H 1
| #define HAVE_INTTYPES_H 1
| #define HAVE_STRUCT_STAT_ST_BLOCKS 1
| #define HAVE_ST_BLOCKS 1
| #define TIME_WITH_SYS_TIME 1
| #define SIZEOF_UNSIGNED_LONG_LONG 8
| #define HAVE_LIBM 1
| #define HAVE_PREAD 1
| #define HAVE_PWRITE 1
| #define HAVE_DECL_PWRITE 1
| #define HAVE_DECL_PREAD 1
| /* end confdefs.h.  */
| #include <immintrin.h>
| int
| main ()
| {
| __m256d input1 = _mm256_setzero_pd();
|                           input1 = _mm256_fmadd_pd(input1, input1, input1);
|                           return(0);
|   ;
|   return 0;
| }
configure:7306: result: no
configure:7310: checking neon support
configure:7327: /Applications/Xcode.app/Contents/Developer/Toolchains/XcodeDefault.xctoolchain/usr/bin/clang++ -o conftest -arch arm64 -I/Applications/Xcode.app/Contents/Developer/Platforms/iPhoneOS.platform/Developer/SDKs/iPhoneOS14.4.sdk/usr/include -isysroot /Applications/Xcode.app/Contents/Developer/Platforms/iPhoneOS.platform/Developer/SDKs/iPhoneOS14.4.sdk -miphoneos-version-min=9.0 -miphoneos-version-min=9.0  -std=c++17 -stdlib=libstdc++ -mfpu=neon -mcpu=cortex-a53   conftest.cpp -lm -ldl  >&5
clang: warning: include path for libstdc++ headers not found; pass '-stdlib=libc++' on the command line to use the libc++ standard library instead [-Wstdlibcxx-not-found]
clang: warning: libstdc++ is deprecated; move to libc++ [-Wdeprecated]
ld: library not found for -lstdc++
clang: error: linker command failed with exit code 1 (use -v to see invocation)
configure:7327: $? = 1
configure: failed program was:
| /* confdefs.h */
| #define PACKAGE_NAME ""
| #define PACKAGE_TARNAME ""
| #define PACKAGE_VERSION ""
| #define PACKAGE_STRING ""
| #define PACKAGE_BUGREPORT ""
| #define PACKAGE_URL ""
| #define STDC_HEADERS 1
| #define HAVE_SYS_TYPES_H 1
| #define HAVE_SYS_STAT_H 1
| #define HAVE_STDLIB_H 1
| #define HAVE_STRING_H 1
| #define HAVE_MEMORY_H 1
| #define HAVE_STRINGS_H 1
| #define HAVE_INTTYPES_H 1
| #define HAVE_STDINT_H 1
| #define HAVE_UNISTD_H 1
| #define HAVE_DIRENT_H 1
| #define STDC_HEADERS 1
| #define HAVE_ERRNO_H 1
| #define HAVE_FCNTL_H 1
| #define HAVE_LIMITS_H 1
| #define HAVE_MEMORY_H 1
| #define HAVE_STDLIB_H 1
| #define HAVE_STRING_H 1
| #define HAVE_STRINGS_H 1
| #define HAVE_SYS_IOCTL_H 1
| #define HAVE_SYS_PARAM_H 1
| #define HAVE_SYS_TIME_H 1
| #define HAVE_SYS_TIMES_H 1
| #define HAVE_SYSLOG_H 1
| #define HAVE_UNISTD_H 1
| #define HAVE_DIRENT_H 1
| #define HAVE_SYS_DIR_H 1
| #define HAVE_INTTYPES_H 1
| #define HAVE_STRUCT_STAT_ST_BLOCKS 1
| #define HAVE_ST_BLOCKS 1
| #define TIME_WITH_SYS_TIME 1
| #define SIZEOF_UNSIGNED_LONG_LONG 8
| #define HAVE_LIBM 1
| #define HAVE_PREAD 1
| #define HAVE_PWRITE 1
| #define HAVE_DECL_PWRITE 1
| #define HAVE_DECL_PREAD 1
| /* end confdefs.h.  */
| #include "arm_neon.h"
| int
| main ()
| {
| int32x4_t round = vdupq_n_s32(10);
|                          return(0);
|   ;
|   return 0;
| }
configure:7340: result: no
configure:8304: checking for local zlib source
configure:8370: result: yes
configure:8566: checking for local lcms2mt library source
configure:8911: gcc -c -Wno-misleading-indentation  conftest.c >&5
configure:8911: $? = 0
configure:8930: gcc -c -Wno-undef  conftest.c >&5
configure:8930: $? = 0
configure:9716: checking for fseeko
configure:9716: gcc -o conftest  -DNOCONTRIB -DHAVE_RESTRICT=1   conftest.c -lm -ldl  >&5
configure:9716: $? = 0
configure:9716: result: yes
configure:9736: checking whether lrintf is declared
configure:9736: gcc -c  -DNOCONTRIB -DHAVE_RESTRICT=1  conftest.c >&5
configure:9736: $? = 0
configure:9736: result: yes
configure:9894: checking for URF support
configure:9923: checking for local CAL library source
configure:9931: result: no
configure:11226: checking Checking for "extract" in default location
configure:11233: result: no
configure:11811: checking for mkstemp
configure:11811: gcc -o conftest  -DNOCONTRIB -DHAVE_RESTRICT=1   conftest.c -lm -ldl  >&5
configure:11811: $? = 0
configure:11811: result: yes
configure:11824: checking for fopen64
configure:11824: gcc -o conftest  -DNOCONTRIB -DHAVE_RESTRICT=1   conftest.c -lm -ldl  >&5
Undefined symbols for architecture x86_64:
  "_fopen64", referenced from:
      _main in conftest-02ab67.o
ld: symbol(s) not found for architecture x86_64
clang: error: linker command failed with exit code 1 (use -v to see invocation)
configure:11824: $? = 1
configure: failed program was:
| /* confdefs.h */
| #define PACKAGE_NAME ""
| #define PACKAGE_TARNAME ""
| #define PACKAGE_VERSION ""
| #define PACKAGE_STRING ""
| #define PACKAGE_BUGREPORT ""
| #define PACKAGE_URL ""
| #define STDC_HEADERS 1
| #define HAVE_SYS_TYPES_H 1
| #define HAVE_SYS_STAT_H 1
| #define HAVE_STDLIB_H 1
| #define HAVE_STRING_H 1
| #define HAVE_MEMORY_H 1
| #define HAVE_STRINGS_H 1
| #define HAVE_INTTYPES_H 1
| #define HAVE_STDINT_H 1
| #define HAVE_UNISTD_H 1
| #define HAVE_DIRENT_H 1
| #define STDC_HEADERS 1
| #define HAVE_ERRNO_H 1
| #define HAVE_FCNTL_H 1
| #define HAVE_LIMITS_H 1
| #define HAVE_MEMORY_H 1
| #define HAVE_STDLIB_H 1
| #define HAVE_STRING_H 1
| #define HAVE_STRINGS_H 1
| #define HAVE_SYS_IOCTL_H 1
| #define HAVE_SYS_PARAM_H 1
| #define HAVE_SYS_TIME_H 1
| #define HAVE_SYS_TIMES_H 1
| #define HAVE_SYSLOG_H 1
| #define HAVE_UNISTD_H 1
| #define HAVE_DIRENT_H 1
| #define HAVE_SYS_DIR_H 1
| #define HAVE_INTTYPES_H 1
| #define HAVE_STRUCT_STAT_ST_BLOCKS 1
| #define HAVE_ST_BLOCKS 1
| #define TIME_WITH_SYS_TIME 1
| #define SIZEOF_UNSIGNED_LONG_LONG 8
| #define HAVE_LIBM 1
| #define HAVE_PREAD 1
| #define HAVE_PWRITE 1
| #define HAVE_DECL_PWRITE 1
| #define HAVE_DECL_PREAD 1
| #define DONT_HAVE_JMEMSYS_H 1
| #define HAVE_FSEEKO 1
| #define HAVE_MKSTEMP 1
| /* end confdefs.h.  */
| /* Define fopen64 to an innocuous variant, in case <limits.h> declares fopen64.
|    For example, HP-UX 11i <limits.h> declares gettimeofday.  */
| #define fopen64 innocuous_fopen64
| 
| /* System header to define __stub macros and hopefully few prototypes,
|     which can conflict with char fopen64 (); below.
|     Prefer <limits.h> to <assert.h> if __STDC__ is defined, since
|     <limits.h> exists even on freestanding compilers.  */
| 
| #ifdef __STDC__
| # include <limits.h>
| #else
| # include <assert.h>
| #endif
| 
| #undef fopen64
| 
| /* Override any GCC internal prototype to avoid an error.
|    Use char because int might match the return type of a GCC
|    builtin and then its argument prototype would still apply.  */
| #ifdef __cplusplus
| extern "C"
| #endif
| char fopen64 ();
| /* The GNU C library defines this for functions which it implements
|     to always fail with ENOSYS.  Some functions are actually named
|     something starting with __ and the normal name is an alias.  */
| #if defined __stub_fopen64 || defined __stub___fopen64
| choke me
| #endif
| 
| int
| main ()
| {
| return fopen64 ();
|   ;
|   return 0;
| }
configure:11824: result: no
configure:11837: checking for fseeko
configure:11837: result: yes
configure:11850: checking for mkstemp64
configure:11850: gcc -o conftest  -DNOCONTRIB -DHAVE_RESTRICT=1   conftest.c -lm -ldl  >&5
Undefined symbols for architecture x86_64:
  "_mkstemp64", referenced from:
      _main in conftest-debcb8.o
ld: symbol(s) not found for architecture x86_64
clang: error: linker command failed with exit code 1 (use -v to see invocation)
configure:11850: $? = 1
configure: failed program was:
| /* confdefs.h */
| #define PACKAGE_NAME ""
| #define PACKAGE_TARNAME ""
| #define PACKAGE_VERSION ""
| #define PACKAGE_STRING ""
| #define PACKAGE_BUGREPORT ""
| #define PACKAGE_URL ""
| #define STDC_HEADERS 1
| #define HAVE_SYS_TYPES_H 1
| #define HAVE_SYS_STAT_H 1
| #define HAVE_STDLIB_H 1
| #define HAVE_STRING_H 1
| #define HAVE_MEMORY_H 1
| #define HAVE_STRINGS_H 1
| #define HAVE_INTTYPES_H 1
| #define HAVE_STDINT_H 1
| #define HAVE_UNISTD_H 1
| #define HAVE_DIRENT_H 1
| #define STDC_HEADERS 1
| #define HAVE_ERRNO_H 1
| #define HAVE_FCNTL_H 1
| #define HAVE_LIMITS_H 1
| #define HAVE_MEMORY_H 1
| #define HAVE_STDLIB_H 1
| #define HAVE_STRING_H 1
| #define HAVE_STRINGS_H 1
| #define HAVE_SYS_IOCTL_H 1
| #define HAVE_SYS_PARAM_H 1
| #define HAVE_SYS_TIME_H 1
| #define HAVE_SYS_TIMES_H 1
| #define HAVE_SYSLOG_H 1
| #define HAVE_UNISTD_H 1
| #define HAVE_DIRENT_H 1
| #define HAVE_SYS_DIR_H 1
| #define HAVE_INTTYPES_H 1
| #define HAVE_STRUCT_STAT_ST_BLOCKS 1
| #define HAVE_ST_BLOCKS 1
| #define TIME_WITH_SYS_TIME 1
| #define SIZEOF_UNSIGNED_LONG_LONG 8
| #define HAVE_LIBM 1
| #define HAVE_PREAD 1
| #define HAVE_PWRITE 1
| #define HAVE_DECL_PWRITE 1
| #define HAVE_DECL_PREAD 1
| #define DONT_HAVE_JMEMSYS_H 1
| #define HAVE_FSEEKO 1
| #define HAVE_MKSTEMP 1
| #define HAVE_FSEEKO 1
| /* end confdefs.h.  */
| /* Define mkstemp64 to an innocuous variant, in case <limits.h> declares mkstemp64.
|    For example, HP-UX 11i <limits.h> declares gettimeofday.  */
| #define mkstemp64 innocuous_mkstemp64
| 
| /* System header to define __stub macros and hopefully few prototypes,
|     which can conflict with char mkstemp64 (); below.
|     Prefer <limits.h> to <assert.h> if __STDC__ is defined, since
|     <limits.h> exists even on freestanding compilers.  */
| 
| #ifdef __STDC__
| # include <limits.h>
| #else
| # include <assert.h>
| #endif
| 
| #undef mkstemp64
| 
| /* Override any GCC internal prototype to avoid an error.
|    Use char because int might match the return type of a GCC
|    builtin and then its argument prototype would still apply.  */
| #ifdef __cplusplus
| extern "C"
| #endif
| char mkstemp64 ();
| /* The GNU C library defines this for functions which it implements
|     to always fail with ENOSYS.  Some functions are actually named
|     something starting with __ and the normal name is an alias.  */
| #if defined __stub_mkstemp64 || defined __stub___mkstemp64
| choke me
| #endif
| 
| int
| main ()
| {
| return mkstemp64 ();
|   ;
|   return 0;
| }
configure:11850: result: no
configure:11863: checking for setlocale
configure:11863: gcc -o conftest  -DNOCONTRIB -DHAVE_RESTRICT=1   conftest.c -lm -ldl  >&5
configure:11863: $? = 0
configure:11863: result: yes
configure:11876: checking for strerror
configure:11876: gcc -o conftest  -DNOCONTRIB -DHAVE_RESTRICT=1   conftest.c -lm -ldl  >&5
conftest.c:74:6: warning: incompatible redeclaration of library function 'strerror' [-Wincompatible-library-redeclaration]
char strerror ();
     ^
conftest.c:74:6: note: 'strerror' is a builtin with type 'char *(int)'
1 warning generated.
configure:11876: $? = 0
configure:11876: result: yes
configure:11889: checking for isnan
configure:11889: gcc -o conftest  -DNOCONTRIB -DHAVE_RESTRICT=1   conftest.c -lm -ldl  >&5
configure:11889: $? = 0
configure:11889: result: yes
configure:11902: checking for isinf
configure:11902: gcc -o conftest  -DNOCONTRIB -DHAVE_RESTRICT=1   conftest.c -lm -ldl  >&5
configure:11902: $? = 0
configure:11902: result: yes
configure:11915: checking for fpclassify
configure:11915: gcc -o conftest  -DNOCONTRIB -DHAVE_RESTRICT=1   conftest.c -lm -ldl  >&5
Undefined symbols for architecture x86_64:
  "_fpclassify", referenced from:
      _main in conftest-8bef4f.o
ld: symbol(s) not found for architecture x86_64
clang: error: linker command failed with exit code 1 (use -v to see invocation)
configure:11915: $? = 1
configure: failed program was:
| /* confdefs.h */
| #define PACKAGE_NAME ""
| #define PACKAGE_TARNAME ""
| #define PACKAGE_VERSION ""
| #define PACKAGE_STRING ""
| #define PACKAGE_BUGREPORT ""
| #define PACKAGE_URL ""
| #define STDC_HEADERS 1
| #define HAVE_SYS_TYPES_H 1
| #define HAVE_SYS_STAT_H 1
| #define HAVE_STDLIB_H 1
| #define HAVE_STRING_H 1
| #define HAVE_MEMORY_H 1
| #define HAVE_STRINGS_H 1
| #define HAVE_INTTYPES_H 1
| #define HAVE_STDINT_H 1
| #define HAVE_UNISTD_H 1
| #define HAVE_DIRENT_H 1
| #define STDC_HEADERS 1
| #define HAVE_ERRNO_H 1
| #define HAVE_FCNTL_H 1
| #define HAVE_LIMITS_H 1
| #define HAVE_MEMORY_H 1
| #define HAVE_STDLIB_H 1
| #define HAVE_STRING_H 1
| #define HAVE_STRINGS_H 1
| #define HAVE_SYS_IOCTL_H 1
| #define HAVE_SYS_PARAM_H 1
| #define HAVE_SYS_TIME_H 1
| #define HAVE_SYS_TIMES_H 1
| #define HAVE_SYSLOG_H 1
| #define HAVE_UNISTD_H 1
| #define HAVE_DIRENT_H 1
| #define HAVE_SYS_DIR_H 1
| #define HAVE_INTTYPES_H 1
| #define HAVE_STRUCT_STAT_ST_BLOCKS 1
| #define HAVE_ST_BLOCKS 1
| #define TIME_WITH_SYS_TIME 1
| #define SIZEOF_UNSIGNED_LONG_LONG 8
| #define HAVE_LIBM 1
| #define HAVE_PREAD 1
| #define HAVE_PWRITE 1
| #define HAVE_DECL_PWRITE 1
| #define HAVE_DECL_PREAD 1
| #define DONT_HAVE_JMEMSYS_H 1
| #define HAVE_FSEEKO 1
| #define HAVE_MKSTEMP 1
| #define HAVE_FSEEKO 1
| #define HAVE_SETLOCALE 1
| #define HAVE_STRERROR 1
| #define HAVE_ISNAN 1
| #define HAVE_ISINF 1
| /* end confdefs.h.  */
| /* Define fpclassify to an innocuous variant, in case <limits.h> declares fpclassify.
|    For example, HP-UX 11i <limits.h> declares gettimeofday.  */
| #define fpclassify innocuous_fpclassify
| 
| /* System header to define __stub macros and hopefully few prototypes,
|     which can conflict with char fpclassify (); below.
|     Prefer <limits.h> to <assert.h> if __STDC__ is defined, since
|     <limits.h> exists even on freestanding compilers.  */
| 
| #ifdef __STDC__
| # include <limits.h>
| #else
| # include <assert.h>
| #endif
| 
| #undef fpclassify
| 
| /* Override any GCC internal prototype to avoid an error.
|    Use char because int might match the return type of a GCC
|    builtin and then its argument prototype would still apply.  */
| #ifdef __cplusplus
| extern "C"
| #endif
| char fpclassify ();
| /* The GNU C library defines this for functions which it implements
|     to always fail with ENOSYS.  Some functions are actually named
|     something starting with __ and the normal name is an alias.  */
| #if defined __stub_fpclassify || defined __stub___fpclassify
| choke me
| #endif
| 
| int
| main ()
| {
| return fpclassify ();
|   ;
|   return 0;
| }
configure:11915: result: no
configure:11927: checking whether gcc needs -traditional
conftest.c:54:10: fatal error: 'termio.h' file not found
#include <termio.h>
         ^~~~~~~~~~
1 error generated.
configure:11961: result: no
configure:11969: checking for pid_t
configure:11969: gcc -c  -DNOCONTRIB -DHAVE_RESTRICT=1  conftest.c >&5
configure:11969: $? = 0
configure:11969: gcc -c  -DNOCONTRIB -DHAVE_RESTRICT=1  conftest.c >&5
conftest.c:90:20: error: expected expression
if (sizeof ((pid_t)))
                   ^
1 error generated.
configure:11969: $? = 1
configure: failed program was:
| /* confdefs.h */
| #define PACKAGE_NAME ""
| #define PACKAGE_TARNAME ""
| #define PACKAGE_VERSION ""
| #define PACKAGE_STRING ""
| #define PACKAGE_BUGREPORT ""
| #define PACKAGE_URL ""
| #define STDC_HEADERS 1
| #define HAVE_SYS_TYPES_H 1
| #define HAVE_SYS_STAT_H 1
| #define HAVE_STDLIB_H 1
| #define HAVE_STRING_H 1
| #define HAVE_MEMORY_H 1
| #define HAVE_STRINGS_H 1
| #define HAVE_INTTYPES_H 1
| #define HAVE_STDINT_H 1
| #define HAVE_UNISTD_H 1
| #define HAVE_DIRENT_H 1
| #define STDC_HEADERS 1
| #define HAVE_ERRNO_H 1
| #define HAVE_FCNTL_H 1
| #define HAVE_LIMITS_H 1
| #define HAVE_MEMORY_H 1
| #define HAVE_STDLIB_H 1
| #define HAVE_STRING_H 1
| #define HAVE_STRINGS_H 1
| #define HAVE_SYS_IOCTL_H 1
| #define HAVE_SYS_PARAM_H 1
| #define HAVE_SYS_TIME_H 1
| #define HAVE_SYS_TIMES_H 1
| #define HAVE_SYSLOG_H 1
| #define HAVE_UNISTD_H 1
| #define HAVE_DIRENT_H 1
| #define HAVE_SYS_DIR_H 1
| #define HAVE_INTTYPES_H 1
| #define HAVE_STRUCT_STAT_ST_BLOCKS 1
| #define HAVE_ST_BLOCKS 1
| #define TIME_WITH_SYS_TIME 1
| #define SIZEOF_UNSIGNED_LONG_LONG 8
| #define HAVE_LIBM 1
| #define HAVE_PREAD 1
| #define HAVE_PWRITE 1
| #define HAVE_DECL_PWRITE 1
| #define HAVE_DECL_PREAD 1
| #define DONT_HAVE_JMEMSYS_H 1
| #define HAVE_FSEEKO 1
| #define HAVE_MKSTEMP 1
| #define HAVE_FSEEKO 1
| #define HAVE_SETLOCALE 1
| #define HAVE_STRERROR 1
| #define HAVE_ISNAN 1
| #define HAVE_ISINF 1
| /* end confdefs.h.  */
| #include <stdio.h>
| #ifdef HAVE_SYS_TYPES_H
| # include <sys/types.h>
| #endif
| #ifdef HAVE_SYS_STAT_H
| # include <sys/stat.h>
| #endif
| #ifdef STDC_HEADERS
| # include <stdlib.h>
| # include <stddef.h>
| #else
| # ifdef HAVE_STDLIB_H
| #  include <stdlib.h>
| # endif
| #endif
| #ifdef HAVE_STRING_H
| # if !defined STDC_HEADERS && defined HAVE_MEMORY_H
| #  include <memory.h>
| # endif
| # include <string.h>
| #endif
| #ifdef HAVE_STRINGS_H
| # include <strings.h>
| #endif
| #ifdef HAVE_INTTYPES_H
| # include <inttypes.h>
| #endif
| #ifdef HAVE_STDINT_H
| # include <stdint.h>
| #endif
| #ifdef HAVE_UNISTD_H
| # include <unistd.h>
| #endif
| int
| main ()
| {
| if (sizeof ((pid_t)))
| 	    return 0;
|   ;
|   return 0;
| }
configure:11969: result: yes
configure:11982: checking vfork.h usability
configure:11982: gcc -c  -DNOCONTRIB -DHAVE_RESTRICT=1  conftest.c >&5
conftest.c:87:10: fatal error: 'vfork.h' file not found
#include <vfork.h>
         ^~~~~~~~~
1 error generated.
configure:11982: $? = 1
configure: failed program was:
| /* confdefs.h */
| #define PACKAGE_NAME ""
| #define PACKAGE_TARNAME ""
| #define PACKAGE_VERSION ""
| #define PACKAGE_STRING ""
| #define PACKAGE_BUGREPORT ""
| #define PACKAGE_URL ""
| #define STDC_HEADERS 1
| #define HAVE_SYS_TYPES_H 1
| #define HAVE_SYS_STAT_H 1
| #define HAVE_STDLIB_H 1
| #define HAVE_STRING_H 1
| #define HAVE_MEMORY_H 1
| #define HAVE_STRINGS_H 1
| #define HAVE_INTTYPES_H 1
| #define HAVE_STDINT_H 1
| #define HAVE_UNISTD_H 1
| #define HAVE_DIRENT_H 1
| #define STDC_HEADERS 1
| #define HAVE_ERRNO_H 1
| #define HAVE_FCNTL_H 1
| #define HAVE_LIMITS_H 1
| #define HAVE_MEMORY_H 1
| #define HAVE_STDLIB_H 1
| #define HAVE_STRING_H 1
| #define HAVE_STRINGS_H 1
| #define HAVE_SYS_IOCTL_H 1
| #define HAVE_SYS_PARAM_H 1
| #define HAVE_SYS_TIME_H 1
| #define HAVE_SYS_TIMES_H 1
| #define HAVE_SYSLOG_H 1
| #define HAVE_UNISTD_H 1
| #define HAVE_DIRENT_H 1
| #define HAVE_SYS_DIR_H 1
| #define HAVE_INTTYPES_H 1
| #define HAVE_STRUCT_STAT_ST_BLOCKS 1
| #define HAVE_ST_BLOCKS 1
| #define TIME_WITH_SYS_TIME 1
| #define SIZEOF_UNSIGNED_LONG_LONG 8
| #define HAVE_LIBM 1
| #define HAVE_PREAD 1
| #define HAVE_PWRITE 1
| #define HAVE_DECL_PWRITE 1
| #define HAVE_DECL_PREAD 1
| #define DONT_HAVE_JMEMSYS_H 1
| #define HAVE_FSEEKO 1
| #define HAVE_MKSTEMP 1
| #define HAVE_FSEEKO 1
| #define HAVE_SETLOCALE 1
| #define HAVE_STRERROR 1
| #define HAVE_ISNAN 1
| #define HAVE_ISINF 1
| /* end confdefs.h.  */
| #include <stdio.h>
| #ifdef HAVE_SYS_TYPES_H
| # include <sys/types.h>
| #endif
| #ifdef HAVE_SYS_STAT_H
| # include <sys/stat.h>
| #endif
| #ifdef STDC_HEADERS
| # include <stdlib.h>
| # include <stddef.h>
| #else
| # ifdef HAVE_STDLIB_H
| #  include <stdlib.h>
| # endif
| #endif
| #ifdef HAVE_STRING_H
| # if !defined STDC_HEADERS && defined HAVE_MEMORY_H
| #  include <memory.h>
| # endif
| # include <string.h>
| #endif
| #ifdef HAVE_STRINGS_H
| # include <strings.h>
| #endif
| #ifdef HAVE_INTTYPES_H
| # include <inttypes.h>
| #endif
| #ifdef HAVE_STDINT_H
| # include <stdint.h>
| #endif
| #ifdef HAVE_UNISTD_H
| # include <unistd.h>
| #endif
| #include <vfork.h>
configure:11982: result: no
configure:11982: checking vfork.h presence
configure:11982: gcc -E  conftest.c
conftest.c:54:10: fatal error: 'vfork.h' file not found
#include <vfork.h>
         ^~~~~~~~~
1 error generated.
configure:11982: $? = 1
configure: failed program was:
| /* confdefs.h */
| #define PACKAGE_NAME ""
| #define PACKAGE_TARNAME ""
| #define PACKAGE_VERSION ""
| #define PACKAGE_STRING ""
| #define PACKAGE_BUGREPORT ""
| #define PACKAGE_URL ""
| #define STDC_HEADERS 1
| #define HAVE_SYS_TYPES_H 1
| #define HAVE_SYS_STAT_H 1
| #define HAVE_STDLIB_H 1
| #define HAVE_STRING_H 1
| #define HAVE_MEMORY_H 1
| #define HAVE_STRINGS_H 1
| #define HAVE_INTTYPES_H 1
| #define HAVE_STDINT_H 1
| #define HAVE_UNISTD_H 1
| #define HAVE_DIRENT_H 1
| #define STDC_HEADERS 1
| #define HAVE_ERRNO_H 1
| #define HAVE_FCNTL_H 1
| #define HAVE_LIMITS_H 1
| #define HAVE_MEMORY_H 1
| #define HAVE_STDLIB_H 1
| #define HAVE_STRING_H 1
| #define HAVE_STRINGS_H 1
| #define HAVE_SYS_IOCTL_H 1
| #define HAVE_SYS_PARAM_H 1
| #define HAVE_SYS_TIME_H 1
| #define HAVE_SYS_TIMES_H 1
| #define HAVE_SYSLOG_H 1
| #define HAVE_UNISTD_H 1
| #define HAVE_DIRENT_H 1
| #define HAVE_SYS_DIR_H 1
| #define HAVE_INTTYPES_H 1
| #define HAVE_STRUCT_STAT_ST_BLOCKS 1
| #define HAVE_ST_BLOCKS 1
| #define TIME_WITH_SYS_TIME 1
| #define SIZEOF_UNSIGNED_LONG_LONG 8
| #define HAVE_LIBM 1
| #define HAVE_PREAD 1
| #define HAVE_PWRITE 1
| #define HAVE_DECL_PWRITE 1
| #define HAVE_DECL_PREAD 1
| #define DONT_HAVE_JMEMSYS_H 1
| #define HAVE_FSEEKO 1
| #define HAVE_MKSTEMP 1
| #define HAVE_FSEEKO 1
| #define HAVE_SETLOCALE 1
| #define HAVE_STRERROR 1
| #define HAVE_ISNAN 1
| #define HAVE_ISINF 1
| /* end confdefs.h.  */
| #include <vfork.h>
configure:11982: result: no
configure:11982: checking for vfork.h
configure:11982: result: no
configure:11995: checking for fork
configure:11995: gcc -o conftest  -DNOCONTRIB -DHAVE_RESTRICT=1   conftest.c -lm -ldl  >&5
configure:11995: $? = 0
configure:11995: result: yes
configure:11995: checking for vfork
configure:11995: gcc -o conftest  -DNOCONTRIB -DHAVE_RESTRICT=1   conftest.c -lm -ldl  >&5
conftest.c:78:6: warning: incompatible redeclaration of library function 'vfork' [-Wincompatible-library-redeclaration]
char vfork ();
     ^
conftest.c:78:6: note: 'vfork' is a builtin with type 'int (void)'
1 warning generated.
configure:11995: $? = 0
configure:11995: result: yes
configure:12005: checking for working fork
configure:12027: gcc -o conftest  -DNOCONTRIB -DHAVE_RESTRICT=1   conftest.c -lm -ldl  >&5
configure:12027: $? = 0
configure:12027: ./conftest
configure:12027: $? = 0
configure:12037: result: yes
configure:12058: checking for working vfork
configure:12168: result: yes
configure:12195: checking for stdlib.h
configure:12195: result: yes
configure:12205: checking for GNU libc compatible malloc
configure:12229: gcc -o conftest  -DNOCONTRIB -DHAVE_RESTRICT=1   conftest.c -lm -ldl  >&5
configure:12229: $? = 0
configure:12229: ./conftest
configure:12229: $? = 0
configure:12239: result: yes
configure:12260: checking for working memcmp
configure:12303: gcc -o conftest  -DNOCONTRIB -DHAVE_RESTRICT=1   conftest.c -lm -ldl  >&5
configure:12303: $? = 0
configure:12303: ./conftest
configure:12303: $? = 0
configure:12313: result: yes
configure:12322: checking return type of signal handlers
configure:12340: gcc -c  -DNOCONTRIB -DHAVE_RESTRICT=1  conftest.c >&5
conftest.c:66:8: error: indirection requires pointer operand ('void' invalid)
return *(signal (0, 0)) (0) == 1;
       ^~~~~~~~~~~~~~~~~~~~
1 error generated.
configure:12340: $? = 1
configure: failed program was:
| /* confdefs.h */
| #define PACKAGE_NAME ""
| #define PACKAGE_TARNAME ""
| #define PACKAGE_VERSION ""
| #define PACKAGE_STRING ""
| #define PACKAGE_BUGREPORT ""
| #define PACKAGE_URL ""
| #define STDC_HEADERS 1
| #define HAVE_SYS_TYPES_H 1
| #define HAVE_SYS_STAT_H 1
| #define HAVE_STDLIB_H 1
| #define HAVE_STRING_H 1
| #define HAVE_MEMORY_H 1
| #define HAVE_STRINGS_H 1
| #define HAVE_INTTYPES_H 1
| #define HAVE_STDINT_H 1
| #define HAVE_UNISTD_H 1
| #define HAVE_DIRENT_H 1
| #define STDC_HEADERS 1
| #define HAVE_ERRNO_H 1
| #define HAVE_FCNTL_H 1
| #define HAVE_LIMITS_H 1
| #define HAVE_MEMORY_H 1
| #define HAVE_STDLIB_H 1
| #define HAVE_STRING_H 1
| #define HAVE_STRINGS_H 1
| #define HAVE_SYS_IOCTL_H 1
| #define HAVE_SYS_PARAM_H 1
| #define HAVE_SYS_TIME_H 1
| #define HAVE_SYS_TIMES_H 1
| #define HAVE_SYSLOG_H 1
| #define HAVE_UNISTD_H 1
| #define HAVE_DIRENT_H 1
| #define HAVE_SYS_DIR_H 1
| #define HAVE_INTTYPES_H 1
| #define HAVE_STRUCT_STAT_ST_BLOCKS 1
| #define HAVE_ST_BLOCKS 1
| #define TIME_WITH_SYS_TIME 1
| #define SIZEOF_UNSIGNED_LONG_LONG 8
| #define HAVE_LIBM 1
| #define HAVE_PREAD 1
| #define HAVE_PWRITE 1
| #define HAVE_DECL_PWRITE 1
| #define HAVE_DECL_PREAD 1
| #define DONT_HAVE_JMEMSYS_H 1
| #define HAVE_FSEEKO 1
| #define HAVE_MKSTEMP 1
| #define HAVE_FSEEKO 1
| #define HAVE_SETLOCALE 1
| #define HAVE_STRERROR 1
| #define HAVE_ISNAN 1
| #define HAVE_ISINF 1
| #define HAVE_FORK 1
| #define HAVE_VFORK 1
| #define HAVE_WORKING_VFORK 1
| #define HAVE_WORKING_FORK 1
| #define HAVE_STDLIB_H 1
| #define HAVE_MALLOC 1
| /* end confdefs.h.  */
| #include <sys/types.h>
| #include <signal.h>
| 
| int
| main ()
| {
| return *(signal (0, 0)) (0) == 1;
|   ;
|   return 0;
| }
configure:12347: result: void
configure:12355: checking whether lstat correctly handles trailing slash
configure:12381: gcc -o conftest  -DNOCONTRIB -DHAVE_RESTRICT=1   conftest.c -lm -ldl  >&5
configure:12381: $? = 0
configure:12381: ./conftest
configure:12381: $? = 1
configure: program exited with status 1
configure: failed program was:
| /* confdefs.h */
| #define PACKAGE_NAME ""
| #define PACKAGE_TARNAME ""
| #define PACKAGE_VERSION ""
| #define PACKAGE_STRING ""
| #define PACKAGE_BUGREPORT ""
| #define PACKAGE_URL ""
| #define STDC_HEADERS 1
| #define HAVE_SYS_TYPES_H 1
| #define HAVE_SYS_STAT_H 1
| #define HAVE_STDLIB_H 1
| #define HAVE_STRING_H 1
| #define HAVE_MEMORY_H 1
| #define HAVE_STRINGS_H 1
| #define HAVE_INTTYPES_H 1
| #define HAVE_STDINT_H 1
| #define HAVE_UNISTD_H 1
| #define HAVE_DIRENT_H 1
| #define STDC_HEADERS 1
| #define HAVE_ERRNO_H 1
| #define HAVE_FCNTL_H 1
| #define HAVE_LIMITS_H 1
| #define HAVE_MEMORY_H 1
| #define HAVE_STDLIB_H 1
| #define HAVE_STRING_H 1
| #define HAVE_STRINGS_H 1
| #define HAVE_SYS_IOCTL_H 1
| #define HAVE_SYS_PARAM_H 1
| #define HAVE_SYS_TIME_H 1
| #define HAVE_SYS_TIMES_H 1
| #define HAVE_SYSLOG_H 1
| #define HAVE_UNISTD_H 1
| #define HAVE_DIRENT_H 1
| #define HAVE_SYS_DIR_H 1
| #define HAVE_INTTYPES_H 1
| #define HAVE_STRUCT_STAT_ST_BLOCKS 1
| #define HAVE_ST_BLOCKS 1
| #define TIME_WITH_SYS_TIME 1
| #define SIZEOF_UNSIGNED_LONG_LONG 8
| #define HAVE_LIBM 1
| #define HAVE_PREAD 1
| #define HAVE_PWRITE 1
| #define HAVE_DECL_PWRITE 1
| #define HAVE_DECL_PREAD 1
| #define DONT_HAVE_JMEMSYS_H 1
| #define HAVE_FSEEKO 1
| #define HAVE_MKSTEMP 1
| #define HAVE_FSEEKO 1
| #define HAVE_SETLOCALE 1
| #define HAVE_STRERROR 1
| #define HAVE_ISNAN 1
| #define HAVE_ISINF 1
| #define HAVE_FORK 1
| #define HAVE_VFORK 1
| #define HAVE_WORKING_VFORK 1
| #define HAVE_WORKING_FORK 1
| #define HAVE_STDLIB_H 1
| #define HAVE_MALLOC 1
| #define RETSIGTYPE void
| /* end confdefs.h.  */
| #include <stdio.h>
| #ifdef HAVE_SYS_TYPES_H
| # include <sys/types.h>
| #endif
| #ifdef HAVE_SYS_STAT_H
| # include <sys/stat.h>
| #endif
| #ifdef STDC_HEADERS
| # include <stdlib.h>
| # include <stddef.h>
| #else
| # ifdef HAVE_STDLIB_H
| #  include <stdlib.h>
| # endif
| #endif
| #ifdef HAVE_STRING_H
| # if !defined STDC_HEADERS && defined HAVE_MEMORY_H
| #  include <memory.h>
| # endif
| # include <string.h>
| #endif
| #ifdef HAVE_STRINGS_H
| # include <strings.h>
| #endif
| #ifdef HAVE_INTTYPES_H
| # include <inttypes.h>
| #endif
| #ifdef HAVE_STDINT_H
| # include <stdint.h>
| #endif
| #ifdef HAVE_UNISTD_H
| # include <unistd.h>
| #endif
| int
| main ()
| {
| struct stat sbuf;
|      /* Linux will dereference the symlink and fail, as required by POSIX.
| 	That is better in the sense that it means we will not
| 	have to compile and use the lstat wrapper.  */
|      return lstat ("conftest.sym/", &sbuf) == 0;
|   ;
|   return 0;
| }
configure:12398: result: no
configure:12417: checking whether stat accepts an empty string
configure:12437: gcc -o conftest  -DNOCONTRIB -DHAVE_RESTRICT=1   conftest.c -lm -ldl  >&5
configure:12437: $? = 0
configure:12437: ./conftest
configure:12437: $? = 0
configure:12447: result: no
configure:12465: checking for vprintf
configure:12465: gcc -o conftest  -DNOCONTRIB -DHAVE_RESTRICT=1   conftest.c -lm -ldl  >&5
conftest.c:84:6: warning: incompatible redeclaration of library function 'vprintf' [-Wincompatible-library-redeclaration]
char vprintf ();
     ^
conftest.c:84:6: note: 'vprintf' is a builtin with type 'int (const char *, struct __va_list_tag *)'
1 warning generated.
configure:12465: $? = 0
configure:12465: result: yes
configure:12471: checking for _doprnt
configure:12471: gcc -o conftest  -DNOCONTRIB -DHAVE_RESTRICT=1   conftest.c -lm -ldl  >&5
Undefined symbols for architecture x86_64:
  "__doprnt", referenced from:
      _main in conftest-00afa9.o
ld: symbol(s) not found for architecture x86_64
clang: error: linker command failed with exit code 1 (use -v to see invocation)
configure:12471: $? = 1
configure: failed program was:
| /* confdefs.h */
| #define PACKAGE_NAME ""
| #define PACKAGE_TARNAME ""
| #define PACKAGE_VERSION ""
| #define PACKAGE_STRING ""
| #define PACKAGE_BUGREPORT ""
| #define PACKAGE_URL ""
| #define STDC_HEADERS 1
| #define HAVE_SYS_TYPES_H 1
| #define HAVE_SYS_STAT_H 1
| #define HAVE_STDLIB_H 1
| #define HAVE_STRING_H 1
| #define HAVE_MEMORY_H 1
| #define HAVE_STRINGS_H 1
| #define HAVE_INTTYPES_H 1
| #define HAVE_STDINT_H 1
| #define HAVE_UNISTD_H 1
| #define HAVE_DIRENT_H 1
| #define STDC_HEADERS 1
| #define HAVE_ERRNO_H 1
| #define HAVE_FCNTL_H 1
| #define HAVE_LIMITS_H 1
| #define HAVE_MEMORY_H 1
| #define HAVE_STDLIB_H 1
| #define HAVE_STRING_H 1
| #define HAVE_STRINGS_H 1
| #define HAVE_SYS_IOCTL_H 1
| #define HAVE_SYS_PARAM_H 1
| #define HAVE_SYS_TIME_H 1
| #define HAVE_SYS_TIMES_H 1
| #define HAVE_SYSLOG_H 1
| #define HAVE_UNISTD_H 1
| #define HAVE_DIRENT_H 1
| #define HAVE_SYS_DIR_H 1
| #define HAVE_INTTYPES_H 1
| #define HAVE_STRUCT_STAT_ST_BLOCKS 1
| #define HAVE_ST_BLOCKS 1
| #define TIME_WITH_SYS_TIME 1
| #define SIZEOF_UNSIGNED_LONG_LONG 8
| #define HAVE_LIBM 1
| #define HAVE_PREAD 1
| #define HAVE_PWRITE 1
| #define HAVE_DECL_PWRITE 1
| #define HAVE_DECL_PREAD 1
| #define DONT_HAVE_JMEMSYS_H 1
| #define HAVE_FSEEKO 1
| #define HAVE_MKSTEMP 1
| #define HAVE_FSEEKO 1
| #define HAVE_SETLOCALE 1
| #define HAVE_STRERROR 1
| #define HAVE_ISNAN 1
| #define HAVE_ISINF 1
| #define HAVE_FORK 1
| #define HAVE_VFORK 1
| #define HAVE_WORKING_VFORK 1
| #define HAVE_WORKING_FORK 1
| #define HAVE_STDLIB_H 1
| #define HAVE_MALLOC 1
| #define RETSIGTYPE void
| #define HAVE_VPRINTF 1
| /* end confdefs.h.  */
| /* Define _doprnt to an innocuous variant, in case <limits.h> declares _doprnt.
|    For example, HP-UX 11i <limits.h> declares gettimeofday.  */
| #define _doprnt innocuous__doprnt
| 
| /* System header to define __stub macros and hopefully few prototypes,
|     which can conflict with char _doprnt (); below.
|     Prefer <limits.h> to <assert.h> if __STDC__ is defined, since
|     <limits.h> exists even on freestanding compilers.  */
| 
| #ifdef __STDC__
| # include <limits.h>
| #else
| # include <assert.h>
| #endif
| 
| #undef _doprnt
| 
| /* Override any GCC internal prototype to avoid an error.
|    Use char because int might match the return type of a GCC
|    builtin and then its argument prototype would still apply.  */
| #ifdef __cplusplus
| extern "C"
| #endif
| char _doprnt ();
| /* The GNU C library defines this for functions which it implements
|     to always fail with ENOSYS.  Some functions are actually named
|     something starting with __ and the normal name is an alias.  */
| #if defined __stub__doprnt || defined __stub____doprnt
| choke me
| #endif
| 
| int
| main ()
| {
| return _doprnt ();
|   ;
|   return 0;
| }
configure:12471: result: no
configure:12485: checking for bzero
configure:12485: gcc -o conftest  -DNOCONTRIB -DHAVE_RESTRICT=1   conftest.c -lm -ldl  >&5
conftest.c:85:6: warning: incompatible redeclaration of library function 'bzero' [-Wincompatible-library-redeclaration]
char bzero ();
     ^
conftest.c:85:6: note: 'bzero' is a builtin with type 'void (void *, unsigned long)'
1 warning generated.
configure:12485: $? = 0
configure:12485: result: yes
configure:12485: checking for dup2
configure:12485: gcc -o conftest  -DNOCONTRIB -DHAVE_RESTRICT=1   conftest.c -lm -ldl  >&5
configure:12485: $? = 0
configure:12485: result: yes
configure:12485: checking for floor
configure:12485: gcc -o conftest  -DNOCONTRIB -DHAVE_RESTRICT=1   conftest.c -lm -ldl  >&5
conftest.c:87:6: warning: incompatible redeclaration of library function 'floor' [-Wincompatible-library-redeclaration]
char floor ();
     ^
conftest.c:87:6: note: 'floor' is a builtin with type 'double (double)'
1 warning generated.
configure:12485: $? = 0
configure:12485: result: yes
configure:12485: checking for gettimeofday
configure:12485: gcc -o conftest  -DNOCONTRIB -DHAVE_RESTRICT=1   conftest.c -lm -ldl  >&5
configure:12485: $? = 0
configure:12485: result: yes
configure:12485: checking for memchr
configure:12485: gcc -o conftest  -DNOCONTRIB -DHAVE_RESTRICT=1   conftest.c -lm -ldl  >&5
conftest.c:89:6: warning: incompatible redeclaration of library function 'memchr' [-Wincompatible-library-redeclaration]
char memchr ();
     ^
conftest.c:89:6: note: 'memchr' is a builtin with type 'void *(const void *, int, unsigned long)'
1 warning generated.
configure:12485: $? = 0
configure:12485: result: yes
configure:12485: checking for memmove
configure:12485: gcc -o conftest  -DNOCONTRIB -DHAVE_RESTRICT=1   conftest.c -lm -ldl  >&5
conftest.c:90:6: warning: incompatible redeclaration of library function 'memmove' [-Wincompatible-library-redeclaration]
char memmove ();
     ^
conftest.c:90:6: note: 'memmove' is a builtin with type 'void *(void *, const void *, unsigned long)'
1 warning generated.
configure:12485: $? = 0
configure:12485: result: yes
configure:12485: checking for memset
configure:12485: gcc -o conftest  -DNOCONTRIB -DHAVE_RESTRICT=1   conftest.c -lm -ldl  >&5
conftest.c:91:6: warning: incompatible redeclaration of library function 'memset' [-Wincompatible-library-redeclaration]
char memset ();
     ^
conftest.c:91:6: note: 'memset' is a builtin with type 'void *(void *, int, unsigned long)'
1 warning generated.
configure:12485: $? = 0
configure:12485: result: yes
configure:12485: checking for mkdir
configure:12485: gcc -o conftest  -DNOCONTRIB -DHAVE_RESTRICT=1   conftest.c -lm -ldl  >&5
configure:12485: $? = 0
configure:12485: result: yes
configure:12485: checking for mkfifo
configure:12485: gcc -o conftest  -DNOCONTRIB -DHAVE_RESTRICT=1   conftest.c -lm -ldl  >&5
configure:12485: $? = 0
configure:12485: result: yes
configure:12485: checking for modf
configure:12485: gcc -o conftest  -DNOCONTRIB -DHAVE_RESTRICT=1   conftest.c -lm -ldl  >&5
conftest.c:94:6: warning: incompatible redeclaration of library function 'modf' [-Wincompatible-library-redeclaration]
char modf ();
     ^
conftest.c:94:6: note: 'modf' is a builtin with type 'double (double, double *)'
1 warning generated.
configure:12485: $? = 0
configure:12485: result: yes
configure:12485: checking for pow
configure:12485: gcc -o conftest  -DNOCONTRIB -DHAVE_RESTRICT=1   conftest.c -lm -ldl  >&5
conftest.c:95:6: warning: incompatible redeclaration of library function 'pow' [-Wincompatible-library-redeclaration]
char pow ();
     ^
conftest.c:95:6: note: 'pow' is a builtin with type 'double (double, double)'
1 warning generated.
configure:12485: $? = 0
configure:12485: result: yes
configure:12485: checking for putenv
configure:12485: gcc -o conftest  -DNOCONTRIB -DHAVE_RESTRICT=1   conftest.c -lm -ldl  >&5
configure:12485: $? = 0
configure:12485: result: yes
configure:12485: checking for rint
configure:12485: gcc -o conftest  -DNOCONTRIB -DHAVE_RESTRICT=1   conftest.c -lm -ldl  >&5
conftest.c:97:6: warning: incompatible redeclaration of library function 'rint' [-Wincompatible-library-redeclaration]
char rint ();
     ^
conftest.c:97:6: note: 'rint' is a builtin with type 'double (double)'
1 warning generated.
configure:12485: $? = 0
configure:12485: result: yes
configure:12485: checking for setenv
configure:12485: gcc -o conftest  -DNOCONTRIB -DHAVE_RESTRICT=1   conftest.c -lm -ldl  >&5
configure:12485: $? = 0
configure:12485: result: yes
configure:12485: checking for sqrt
configure:12485: gcc -o conftest  -DNOCONTRIB -DHAVE_RESTRICT=1   conftest.c -lm -ldl  >&5
conftest.c:99:6: warning: incompatible redeclaration of library function 'sqrt' [-Wincompatible-library-redeclaration]
char sqrt ();
     ^
conftest.c:99:6: note: 'sqrt' is a builtin with type 'double (double)'
1 warning generated.
configure:12485: $? = 0
configure:12485: result: yes
configure:12485: checking for strchr
configure:12485: gcc -o conftest  -DNOCONTRIB -DHAVE_RESTRICT=1   conftest.c -lm -ldl  >&5
conftest.c:100:6: warning: incompatible redeclaration of library function 'strchr' [-Wincompatible-library-redeclaration]
char strchr ();
     ^
conftest.c:100:6: note: 'strchr' is a builtin with type 'char *(const char *, int)'
1 warning generated.
configure:12485: $? = 0
configure:12485: result: yes
configure:12485: checking for strrchr
configure:12485: gcc -o conftest  -DNOCONTRIB -DHAVE_RESTRICT=1   conftest.c -lm -ldl  >&5
conftest.c:101:6: warning: incompatible redeclaration of library function 'strrchr' [-Wincompatible-library-redeclaration]
char strrchr ();
     ^
conftest.c:101:6: note: 'strrchr' is a builtin with type 'char *(const char *, int)'
1 warning generated.
configure:12485: $? = 0
configure:12485: result: yes
configure:12485: checking for strspn
configure:12485: gcc -o conftest  -DNOCONTRIB -DHAVE_RESTRICT=1   conftest.c -lm -ldl  >&5
conftest.c:102:6: warning: incompatible redeclaration of library function 'strspn' [-Wincompatible-library-redeclaration]
char strspn ();
     ^
conftest.c:102:6: note: 'strspn' is a builtin with type 'unsigned long (const char *, const char *)'
1 warning generated.
configure:12485: $? = 0
configure:12485: result: yes
configure:12485: checking for strstr
configure:12485: gcc -o conftest  -DNOCONTRIB -DHAVE_RESTRICT=1   conftest.c -lm -ldl  >&5
conftest.c:103:6: warning: incompatible redeclaration of library function 'strstr' [-Wincompatible-library-redeclaration]
char strstr ();
     ^
conftest.c:103:6: note: 'strstr' is a builtin with type 'char *(const char *, const char *)'
1 warning generated.
configure:12485: $? = 0
configure:12485: result: yes
configure:12581: checking minimum memory pointer alignment
configure:12600: gcc -o conftest  -DNOCONTRIB -DHAVE_RESTRICT=1   conftest.c -lm -ldl  >&5
conftest.c:81:20: warning: extra tokens at end of #include directive [-Wextra-tokens]
#include <stdio.h> #include <stdlib.h>
                   ^
                   //
conftest.c:86:239: error: implicitly declaring library function 'malloc' with type 'void *(unsigned long)' [-Werror,-Wimplicit-function-declaration]
          struct altest     {       char a;       int b;       long c;       long long d;       float e;       double f;       void *g;     };     struct altest *a;     struct altest d;     char *b, *c, *lim;     int ret = 0;     c = b = malloc(64 * sizeof(struct altest));     lim = b + (64 * sizeof(struct altest));     do     {         b++;         if ((b >= lim) ||             ((((unsigned int)b) & 4) == 0 && (((unsigned int)b) & 8) != 0))         {           break;         }     } while(1);     if (b >= lim)     {         ret = -1;     }     else     {         a = (struct altest *)b;         b = a->g;         ret = 0;     }     free(c);     exit(ret);
                                                                                                                                                                                                                                              ^
conftest.c:86:239: note: include the header <stdlib.h> or explicitly provide a declaration for 'malloc'
conftest.c:86:640: error: implicit declaration of function 'free' is invalid in C99 [-Werror,-Wimplicit-function-declaration]
          struct altest     {       char a;       int b;       long c;       long long d;       float e;       double f;       void *g;     };     struct altest *a;     struct altest d;     char *b, *c, *lim;     int ret = 0;     c = b = malloc(64 * sizeof(struct altest));     lim = b + (64 * sizeof(struct altest));     do     {         b++;         if ((b >= lim) ||             ((((unsigned int)b) & 4) == 0 && (((unsigned int)b) & 8) != 0))         {           break;         }     } while(1);     if (b >= lim)     {         ret = -1;     }     else     {         a = (struct altest *)b;         b = a->g;         ret = 0;     }     free(c);     exit(ret);
                                                                                                                                                                                                                                                                                                                                                                                                                                                                                                                                                                                                                                                               ^
conftest.c:86:653: error: implicitly declaring library function 'exit' with type 'void (int) __attribute__((noreturn))' [-Werror,-Wimplicit-function-declaration]
          struct altest     {       char a;       int b;       long c;       long long d;       float e;       double f;       void *g;     };     struct altest *a;     struct altest d;     char *b, *c, *lim;     int ret = 0;     c = b = malloc(64 * sizeof(struct altest));     lim = b + (64 * sizeof(struct altest));     do     {         b++;         if ((b >= lim) ||             ((((unsigned int)b) & 4) == 0 && (((unsigned int)b) & 8) != 0))         {           break;         }     } while(1);     if (b >= lim)     {         ret = -1;     }     else     {         a = (struct altest *)b;         b = a->g;         ret = 0;     }     free(c);     exit(ret);
                                                                                                                                                                                                                                                                                                                                                                                                                                                                                                                                                                                                                                                                            ^
conftest.c:86:653: note: include the header <stdlib.h> or explicitly provide a declaration for 'exit'
1 warning and 3 errors generated.
configure:12600: $? = 1
configure: program exited with status 1
configure: failed program was:
| /* confdefs.h */
| #define PACKAGE_NAME ""
| #define PACKAGE_TARNAME ""
| #define PACKAGE_VERSION ""
| #define PACKAGE_STRING ""
| #define PACKAGE_BUGREPORT ""
| #define PACKAGE_URL ""
| #define STDC_HEADERS 1
| #define HAVE_SYS_TYPES_H 1
| #define HAVE_SYS_STAT_H 1
| #define HAVE_STDLIB_H 1
| #define HAVE_STRING_H 1
| #define HAVE_MEMORY_H 1
| #define HAVE_STRINGS_H 1
| #define HAVE_INTTYPES_H 1
| #define HAVE_STDINT_H 1
| #define HAVE_UNISTD_H 1
| #define HAVE_DIRENT_H 1
| #define STDC_HEADERS 1
| #define HAVE_ERRNO_H 1
| #define HAVE_FCNTL_H 1
| #define HAVE_LIMITS_H 1
| #define HAVE_MEMORY_H 1
| #define HAVE_STDLIB_H 1
| #define HAVE_STRING_H 1
| #define HAVE_STRINGS_H 1
| #define HAVE_SYS_IOCTL_H 1
| #define HAVE_SYS_PARAM_H 1
| #define HAVE_SYS_TIME_H 1
| #define HAVE_SYS_TIMES_H 1
| #define HAVE_SYSLOG_H 1
| #define HAVE_UNISTD_H 1
| #define HAVE_DIRENT_H 1
| #define HAVE_SYS_DIR_H 1
| #define HAVE_INTTYPES_H 1
| #define HAVE_STRUCT_STAT_ST_BLOCKS 1
| #define HAVE_ST_BLOCKS 1
| #define TIME_WITH_SYS_TIME 1
| #define SIZEOF_UNSIGNED_LONG_LONG 8
| #define HAVE_LIBM 1
| #define HAVE_PREAD 1
| #define HAVE_PWRITE 1
| #define HAVE_DECL_PWRITE 1
| #define HAVE_DECL_PREAD 1
| #define DONT_HAVE_JMEMSYS_H 1
| #define HAVE_FSEEKO 1
| #define HAVE_MKSTEMP 1
| #define HAVE_FSEEKO 1
| #define HAVE_SETLOCALE 1
| #define HAVE_STRERROR 1
| #define HAVE_ISNAN 1
| #define HAVE_ISINF 1
| #define HAVE_FORK 1
| #define HAVE_VFORK 1
| #define HAVE_WORKING_VFORK 1
| #define HAVE_WORKING_FORK 1
| #define HAVE_STDLIB_H 1
| #define HAVE_MALLOC 1
| #define RETSIGTYPE void
| #define HAVE_VPRINTF 1
| #define HAVE_BZERO 1
| #define HAVE_DUP2 1
| #define HAVE_FLOOR 1
| #define HAVE_GETTIMEOFDAY 1
| #define HAVE_MEMCHR 1
| #define HAVE_MEMMOVE 1
| #define HAVE_MEMSET 1
| #define HAVE_MKDIR 1
| #define HAVE_MKFIFO 1
| #define HAVE_MODF 1
| #define HAVE_POW 1
| #define HAVE_PUTENV 1
| #define HAVE_RINT 1
| #define HAVE_SETENV 1
| #define HAVE_SQRT 1
| #define HAVE_STRCHR 1
| #define HAVE_STRRCHR 1
| #define HAVE_STRSPN 1
| #define HAVE_STRSTR 1
| /* end confdefs.h.  */
| #include <stdio.h> #include <stdlib.h>
| int
| main ()
| {
| 
|           struct altest     {       char a;       int b;       long c;       long long d;       float e;       double f;       void *g;     };     struct altest *a;     struct altest d;     char *b, *c, *lim;     int ret = 0;     c = b = malloc(64 * sizeof(struct altest));     lim = b + (64 * sizeof(struct altest));     do     {         b++;         if ((b >= lim) ||             ((((unsigned int)b) & 4) == 0 && (((unsigned int)b) & 8) != 0))         {           break;         }     } while(1);     if (b >= lim)     {         ret = -1;     }     else     {         a = (struct altest *)b;         b = a->g;         ret = 0;     }     free(c);     exit(ret);
| 
|   ;
|   return 0;
| }
configure:12604: result: done
configure:12627: checking for sqrtf
configure:12627: gcc -o conftest  -DNOCONTRIB -DHAVE_RESTRICT=1   conftest.c -lm -ldl  >&5
conftest.c:104:6: warning: incompatible redeclaration of library function 'sqrtf' [-Wincompatible-library-redeclaration]
char sqrtf ();
     ^
conftest.c:104:6: note: 'sqrtf' is a builtin with type 'float (float)'
1 warning generated.
configure:12627: $? = 0
configure:12627: result: yes
configure:12639: checking for strnlen
configure:12639: gcc -o conftest  -DNOCONTRIB -DHAVE_RESTRICT=1   conftest.c -lm -ldl  >&5
configure:12639: $? = 0
configure:12639: result: yes
configure:12654: checking byteswap support
configure:12673: gcc -o conftest  -DNOCONTRIB -DHAVE_RESTRICT=1   conftest.c -lm -ldl  >&5
configure:12673: $? = 0
configure:12691: result: yes
configure:12700: checking for byteswap.h
configure:12719: gcc -c  -DNOCONTRIB -DHAVE_RESTRICT=1  conftest.c >&5
conftest.c:82:10: fatal error: 'byteswap.h' file not found
#include "byteswap.h"
         ^~~~~~~~~~~~
1 error generated.
configure:12719: $? = 1
configure: failed program was:
| /* confdefs.h */
| #define PACKAGE_NAME ""
| #define PACKAGE_TARNAME ""
| #define PACKAGE_VERSION ""
| #define PACKAGE_STRING ""
| #define PACKAGE_BUGREPORT ""
| #define PACKAGE_URL ""
| #define STDC_HEADERS 1
| #define HAVE_SYS_TYPES_H 1
| #define HAVE_SYS_STAT_H 1
| #define HAVE_STDLIB_H 1
| #define HAVE_STRING_H 1
| #define HAVE_MEMORY_H 1
| #define HAVE_STRINGS_H 1
| #define HAVE_INTTYPES_H 1
| #define HAVE_STDINT_H 1
| #define HAVE_UNISTD_H 1
| #define HAVE_DIRENT_H 1
| #define STDC_HEADERS 1
| #define HAVE_ERRNO_H 1
| #define HAVE_FCNTL_H 1
| #define HAVE_LIMITS_H 1
| #define HAVE_MEMORY_H 1
| #define HAVE_STDLIB_H 1
| #define HAVE_STRING_H 1
| #define HAVE_STRINGS_H 1
| #define HAVE_SYS_IOCTL_H 1
| #define HAVE_SYS_PARAM_H 1
| #define HAVE_SYS_TIME_H 1
| #define HAVE_SYS_TIMES_H 1
| #define HAVE_SYSLOG_H 1
| #define HAVE_UNISTD_H 1
| #define HAVE_DIRENT_H 1
| #define HAVE_SYS_DIR_H 1
| #define HAVE_INTTYPES_H 1
| #define HAVE_STRUCT_STAT_ST_BLOCKS 1
| #define HAVE_ST_BLOCKS 1
| #define TIME_WITH_SYS_TIME 1
| #define SIZEOF_UNSIGNED_LONG_LONG 8
| #define HAVE_LIBM 1
| #define HAVE_PREAD 1
| #define HAVE_PWRITE 1
| #define HAVE_DECL_PWRITE 1
| #define HAVE_DECL_PREAD 1
| #define DONT_HAVE_JMEMSYS_H 1
| #define HAVE_FSEEKO 1
| #define HAVE_MKSTEMP 1
| #define HAVE_FSEEKO 1
| #define HAVE_SETLOCALE 1
| #define HAVE_STRERROR 1
| #define HAVE_ISNAN 1
| #define HAVE_ISINF 1
| #define HAVE_FORK 1
| #define HAVE_VFORK 1
| #define HAVE_WORKING_VFORK 1
| #define HAVE_WORKING_FORK 1
| #define HAVE_STDLIB_H 1
| #define HAVE_MALLOC 1
| #define RETSIGTYPE void
| #define HAVE_VPRINTF 1
| #define HAVE_BZERO 1
| #define HAVE_DUP2 1
| #define HAVE_FLOOR 1
| #define HAVE_GETTIMEOFDAY 1
| #define HAVE_MEMCHR 1
| #define HAVE_MEMMOVE 1
| #define HAVE_MEMSET 1
| #define HAVE_MKDIR 1
| #define HAVE_MKFIFO 1
| #define HAVE_MODF 1
| #define HAVE_POW 1
| #define HAVE_PUTENV 1
| #define HAVE_RINT 1
| #define HAVE_SETENV 1
| #define HAVE_SQRT 1
| #define HAVE_STRCHR 1
| #define HAVE_STRRCHR 1
| #define HAVE_STRSPN 1
| #define HAVE_STRSTR 1
| #define HAVE_STRNLEN 1
| /* end confdefs.h.  */
| #include "byteswap.h"
| int
| main ()
| {
| 
|   int a = 0;
|   int b = __builtin_bswap32(a);
|   return(0);
| 
|   ;
|   return 0;
| }
configure:12739: result: no
configure:12855: checking whether to explicitly disable strict aliasing
configure:12871: gcc -c  -DNOCONTRIB -DHAVE_RESTRICT=1 -fno-strict-aliasing  conftest.c >&5
configure:12871: $? = 0
configure:12873: result: yes
configure:13845: creating ./config.status

## ---------------------- ##
## Running config.status. ##
## ---------------------- ##

This file was extended by config.status, which was
generated by GNU Autoconf 2.69.  Invocation command line was

  CONFIG_FILES    = 
  CONFIG_HEADERS  = 
  CONFIG_LINKS    = 
  CONFIG_COMMANDS = 
  $ ./config.status 

on FSKJdeMacBook-Pro.local

config.status:992: creating auxflags.mak
configure:14846: WARNING: unrecognized options: --disable-fapi

## ---------------- ##
## Cache variables. ##
## ---------------- ##

ac_cv_build=x86_64-apple-darwin19.6.0
ac_cv_c_bigendian=no
ac_cv_c_compiler_gnu=yes
ac_cv_c_const=yes
ac_cv_c_inline=inline
ac_cv_cxx_compiler_gnu=yes
ac_cv_env_CCC_set=
ac_cv_env_CCC_value=
ac_cv_env_CC_set=set
ac_cv_env_CC_value=
ac_cv_env_CFLAGS_set=set
ac_cv_env_CFLAGS_value=
ac_cv_env_CPPFLAGS_set=set
ac_cv_env_CPPFLAGS_value=
ac_cv_env_CPP_set=
ac_cv_env_CPP_value=
ac_cv_env_CXXFLAGS_set=set
ac_cv_env_CXXFLAGS_value='-arch arm64 -I/Applications/Xcode.app/Contents/Developer/Platforms/iPhoneOS.platform/Developer/SDKs/iPhoneOS14.4.sdk/usr/include -isysroot /Applications/Xcode.app/Contents/Developer/Platforms/iPhoneOS.platform/Developer/SDKs/iPhoneOS14.4.sdk -miphoneos-version-min=9.0 -miphoneos-version-min=9.0'
ac_cv_env_CXX_set=set
ac_cv_env_CXX_value=/Applications/Xcode.app/Contents/Developer/Toolchains/XcodeDefault.xctoolchain/usr/bin/clang++
ac_cv_env_LDFLAGS_set=set
ac_cv_env_LDFLAGS_value=
ac_cv_env_LIBS_set=
ac_cv_env_LIBS_value=
ac_cv_env_XMKMF_set=
ac_cv_env_XMKMF_value=
ac_cv_env_build_alias_set=set
ac_cv_env_build_alias_value=x86_64-apple-darwin19.6.0
ac_cv_env_host_alias_set=set
ac_cv_env_host_alias_value=x86_64-apple-darwin19.6.0
ac_cv_env_target_alias_set=
ac_cv_env_target_alias_value=
ac_cv_func__doprnt=no
ac_cv_func_bzero=yes
ac_cv_func_dup2=yes
ac_cv_func_floor=yes
ac_cv_func_fopen64=no
ac_cv_func_fork=yes
ac_cv_func_fork_works=yes
ac_cv_func_fpclassify=no
ac_cv_func_fseeko=yes
ac_cv_func_gettimeofday=yes
ac_cv_func_isinf=yes
ac_cv_func_isnan=yes
ac_cv_func_lstat_dereferences_slashed_symlink=no
ac_cv_func_malloc_0_nonnull=yes
ac_cv_func_memchr=yes
ac_cv_func_memcmp_working=yes
ac_cv_func_memmove=yes
ac_cv_func_memset=yes
ac_cv_func_mkdir=yes
ac_cv_func_mkfifo=yes
ac_cv_func_mkstemp64=no
ac_cv_func_mkstemp=yes
ac_cv_func_modf=yes
ac_cv_func_pow=yes
ac_cv_func_pread=yes
ac_cv_func_putenv=yes
ac_cv_func_pwrite=yes
ac_cv_func_rint=yes
ac_cv_func_setenv=yes
ac_cv_func_setlocale=yes
ac_cv_func_sqrt=yes
ac_cv_func_sqrtf=yes
ac_cv_func_stat_empty_string_bug=no
ac_cv_func_strchr=yes
ac_cv_func_strerror=yes
ac_cv_func_strnlen=yes
ac_cv_func_strrchr=yes
ac_cv_func_strspn=yes
ac_cv_func_strstr=yes
ac_cv_func_vfork=yes
ac_cv_func_vfork_works=yes
ac_cv_func_vprintf=yes
ac_cv_have_decl_lrintf=yes
ac_cv_have_decl_popen=yes
ac_cv_have_decl_pread=yes
ac_cv_have_decl_pwrite=yes
ac_cv_header_dirent_dirent_h=yes
ac_cv_header_dirent_h=yes
ac_cv_header_dlfcn_h=yes
ac_cv_header_errno_h=yes
ac_cv_header_fcntl_h=yes
ac_cv_header_inttypes_h=yes
ac_cv_header_limits_h=yes
ac_cv_header_malloc_h=no
ac_cv_header_memory_h=yes
ac_cv_header_ndir_h=no
ac_cv_header_stdc=yes
ac_cv_header_stdint_h=yes
ac_cv_header_stdlib_h=yes
ac_cv_header_string_h=yes
ac_cv_header_strings_h=yes
ac_cv_header_sys_dir_h=yes
ac_cv_header_sys_ioctl_h=yes
ac_cv_header_sys_ndir_h=no
ac_cv_header_sys_param_h=yes
ac_cv_header_sys_stat_h=yes
ac_cv_header_sys_time_h=yes
ac_cv_header_sys_times_h=yes
ac_cv_header_sys_types_h=yes
ac_cv_header_sys_window_h=no
ac_cv_header_syslog_h=yes
ac_cv_header_time=yes
ac_cv_header_unistd_h=yes
ac_cv_header_vfork_h=no
ac_cv_host=x86_64-apple-darwin19.6.0
ac_cv_lib_dl_dlopen=yes
ac_cv_lib_m_cos=yes
ac_cv_lib_pthread_pthread_create=yes
ac_cv_member_struct_stat_st_blocks=yes
ac_cv_objext=o
ac_cv_path_EGREP='/usr/bin/grep -E'
ac_cv_path_GREP=/usr/bin/grep
ac_cv_path_SED=/usr/bin/sed
ac_cv_path_ac_pt_PKGCONFIG=/usr/local/bin/pkg-config
ac_cv_path_ac_pt_STRIP_XE=/usr/bin/strip
ac_cv_prog_CPP='gcc -E'
ac_cv_prog_ac_ct_CC=gcc
ac_cv_prog_ac_ct_RANLIB=ranlib
ac_cv_prog_cc_c89=
ac_cv_prog_cc_g=yes
ac_cv_prog_cxx_g=yes
ac_cv_prog_gcc_traditional=no
ac_cv_search_opendir='none required'
ac_cv_sizeof_unsigned_long_long=8
ac_cv_struct_tm=time.h
ac_cv_type_mode_t=yes
ac_cv_type_off_t=yes
ac_cv_type_pid_t=yes
ac_cv_type_signal=void
ac_cv_type_size_t=yes

## ----------------- ##
## Output variables. ##
## ----------------- ##

ARCH_ALIGN_DOUBLE_MOD=''
ARCH_ALIGN_FLOAT_MOD=''
ARCH_ALIGN_INT_MOD=''
ARCH_ALIGN_LONG_MOD=''
ARCH_ALIGN_PTR_MOD=''
ARCH_ALIGN_SHORT_MOD=''
ARCH_ALIGN_SIZE_T_MOD=''
ARCH_ARITH_RSHIFT=''
ARCH_AUTOCONF_HEADER='arch-config/arch_autoconf.h'
ARCH_CONF_HEADER='$(GLSRCDIR)/../arch/osx-x86-x86_64-ppc-gcc.h'
ARCH_DIV_NEG_POS_TRUNCATES=''
ARCH_IS_BIG_ENDIAN=''
ARCH_LOG2_SIZEOF_CHAR=''
ARCH_LOG2_SIZEOF_DOUBLE=''
ARCH_LOG2_SIZEOF_FLOAT=''
ARCH_LOG2_SIZEOF_INT=''
ARCH_LOG2_SIZEOF_LONG=''
ARCH_LOG2_SIZEOF_LONG_LONG=''
ARCH_LOG2_SIZEOF_PTR=''
ARCH_LOG2_SIZEOF_SHORT=''
ARCH_LOG2_SIZEOF_SIZE_T=''
ARCH_PTRS_ARE_SIGNED=''
ARCH_SIZEOF_DOUBLE=''
ARCH_SIZEOF_FLOAT=''
ARCH_SIZEOF_GX_COLOR_INDEX='8'
ARCH_SIZEOF_PTR=''
ARCH_SIZEOF_SIZE_T=''
AUXDIRPOSTFIX=''
AUXEXEEXT=''
AUXEXTRALIBS='$(EXTRALIBS)'
AUX_SHARED_ZLIB=''
BUILD_CUPSCONFIG=''
BUILD_PKGCONFIG=''
BUILD_STRIP_XE=''
CALSRCDIR='/Users/fskj/Desktop/imagemagick_lib_iphone-master/build/ImageMagick-7.1.0-2/IMDelegates/ghostscript-9.54.0/cal'
CAL_AVX2_CFLAGS=''
CAL_CFLAGS=''
CAL_NEON_CFLAGS=''
CAL_SSE4_2_CFLAGS=''
CAPOPTAUX='$(CAPOPT)'
CC='gcc'
CCAUX='gcc'
CFLAGS=' -DNOCONTRIB -DHAVE_RESTRICT=1 -fno-strict-aliasing'
CFLAGSAUX='-DHAVE_RESTRICT=1 -fno-strict-aliasing'
CFLAGSAUX_DEBUG='$(CFLAGS_DEBUG)'
CFLAGSAUX_PROFILE=''
CFLAGSAUX_STANDARD='$(CFLAGS_STANDARD)'
CFLAGS_SANITIZE='-fsanitize=address -fno-omit-frame-pointer -W -Wall -Wno-unused-parameter -Wno-sign-compare -Wno-implicit-fallthrough -Wno-missing-field-initializers -Wno-shift-negative-value -Wno-old-style-declaration -Wno-unused-but-set-parameter'
CFLAGS_VISIBILITY=' -fvisibility=hidden'
CLUSTER_CFLAGS=''
COMPILE_INITS='1'
CONTRIBINCLUDE=''
CPP='gcc -E'
CPPFLAGS=''
CUPSCFLAGS=''
CUPSCONFIG=''
CUPSDATA=''
CUPSINCLUDE=''
CUPSINSTALL=''
CUPSLIBDIRS=''
CUPSLIBS=''
CUPSPDFTORASTER='0'
CUPSSERVERBIN=''
CUPSSERVERROOT=''
CUPS_DEVS=''
CUPS_DIR='/Users/fskj/Desktop/imagemagick_lib_iphone-master/build/ImageMagick-7.1.0-2/IMDelegates/ghostscript-9.54.0/cups'
CXX='/Applications/Xcode.app/Contents/Developer/Toolchains/XcodeDefault.xctoolchain/usr/bin/clang++'
CXXFLAGS='-arch arm64 -I/Applications/Xcode.app/Contents/Developer/Platforms/iPhoneOS.platform/Developer/SDKs/iPhoneOS14.4.sdk/usr/include -isysroot /Applications/Xcode.app/Contents/Developer/Platforms/iPhoneOS.platform/Developer/SDKs/iPhoneOS14.4.sdk -miphoneos-version-min=9.0 -miphoneos-version-min=9.0  -std=c++17 -stdlib=libstdc++'
DBG_CFLAGS=' -gdwarf-2 -g3 -O0'
DBUS_CFLAGS=''
DBUS_LIBS=''
DEFS='-DPACKAGE_NAME=\"\" -DPACKAGE_TARNAME=\"\" -DPACKAGE_VERSION=\"\" -DPACKAGE_STRING=\"\" -DPACKAGE_BUGREPORT=\"\" -DPACKAGE_URL=\"\" -DSTDC_HEADERS=1 -DHAVE_SYS_TYPES_H=1 -DHAVE_SYS_STAT_H=1 -DHAVE_STDLIB_H=1 -DHAVE_STRING_H=1 -DHAVE_MEMORY_H=1 -DHAVE_STRINGS_H=1 -DHAVE_INTTYPES_H=1 -DHAVE_STDINT_H=1 -DHAVE_UNISTD_H=1 -DHAVE_DIRENT_H=1 -DSTDC_HEADERS=1 -DHAVE_ERRNO_H=1 -DHAVE_FCNTL_H=1 -DHAVE_LIMITS_H=1 -DHAVE_MEMORY_H=1 -DHAVE_STDLIB_H=1 -DHAVE_STRING_H=1 -DHAVE_STRINGS_H=1 -DHAVE_SYS_IOCTL_H=1 -DHAVE_SYS_PARAM_H=1 -DHAVE_SYS_TIME_H=1 -DHAVE_SYS_TIMES_H=1 -DHAVE_SYSLOG_H=1 -DHAVE_UNISTD_H=1 -DHAVE_DIRENT_H=1 -DHAVE_SYS_DIR_H=1 -DHAVE_INTTYPES_H=1 -DHAVE_STRUCT_STAT_ST_BLOCKS=1 -DHAVE_ST_BLOCKS=1 -DTIME_WITH_SYS_TIME=1 -DSIZEOF_UNSIGNED_LONG_LONG=8 -DHAVE_LIBM=1 -DHAVE_PREAD=1 -DHAVE_PWRITE=1 -DHAVE_DECL_PWRITE=1 -DHAVE_DECL_PREAD=1 -DDONT_HAVE_JMEMSYS_H=1 -DHAVE_FSEEKO=1 -DHAVE_MKSTEMP=1 -DHAVE_FSEEKO=1 -DHAVE_SETLOCALE=1 -DHAVE_STRERROR=1 -DHAVE_ISNAN=1 -DHAVE_ISINF=1 -DHAVE_FORK=1 -DHAVE_VFORK=1 -DHAVE_WORKING_VFORK=1 -DHAVE_WORKING_FORK=1 -DHAVE_STDLIB_H=1 -DHAVE_MALLOC=1 -DRETSIGTYPE=void -DHAVE_VPRINTF=1 -DHAVE_BZERO=1 -DHAVE_DUP2=1 -DHAVE_FLOOR=1 -DHAVE_GETTIMEOFDAY=1 -DHAVE_MEMCHR=1 -DHAVE_MEMMOVE=1 -DHAVE_MEMSET=1 -DHAVE_MKDIR=1 -DHAVE_MKFIFO=1 -DHAVE_MODF=1 -DHAVE_POW=1 -DHAVE_PUTENV=1 -DHAVE_RINT=1 -DHAVE_SETENV=1 -DHAVE_SQRT=1 -DHAVE_STRCHR=1 -DHAVE_STRRCHR=1 -DHAVE_STRSPN=1 -DHAVE_STRSTR=1 -DHAVE_STRNLEN=1'
DLL_EXT=''
DYNAMIC_CFLAGS='-fPIC  -fvisibility=hidden -DGSDLLEXPORT="__attribute__((visibility(\"default\")))" -DXML_STATIC -DXMLIMPORT="__attribute__((visibility(\"hidden\")))"'
DYNAMIC_DEVS=''
DYNAMIC_FLAGS=''
DYNAMIC_LIBS=''
ECHO_C='\c'
ECHO_N=''
ECHO_T=''
EGREP='/usr/bin/grep -E'
ENABLETIFF=''
ENABLEURF=''
EXEEXT=''
EXPATDIR='src'
EXPAT_CFLAGS=''
EXPAT_LIBS=''
EXTRACT_DIR=''
FAPIUFST_MAK='$(GLSRCDIR)$(D)stub.mak'
FONTCONFIG_CFLAGS=''
FONTCONFIG_LIBS=''
FTSRCDIR='src'
FT_BRIDGE='0'
FT_CFLAGS=''
FT_LIBS=''
FT_LIB_PATH=''
FT_SYS_ZLIB=''
F_DEVS=''
GCFLAGS=' -Wall -Wstrict-prototypes -Wundef -Wmissing-declarations -Wmissing-prototypes -Wwrite-strings -fno-strict-aliasing -Werror=declaration-after-statement -fno-builtin -fno-common -Werror=return-type -DHAVE_STDINT_H=1 -DHAVE_DIRENT_H=1 -DHAVE_SYS_DIR_H=1 -DHAVE_SYS_TIME_H=1 -DHAVE_SYS_TIMES_H=1 -DHAVE_INTTYPES_H=1 -DHAVE_LIBDL=1 -DGX_COLOR_INDEX_TYPE="unsigned long long" -D__USE_UNIX98=1 -DGS_MEMPTR_ALIGNMENT=8 '
GCFLAGSAUX=' -Wall -Wstrict-prototypes -Wundef -Wmissing-declarations -Wmissing-prototypes -Wwrite-strings -fno-strict-aliasing -Werror=declaration-after-statement -fno-builtin -fno-common -Werror=return-type -DHAVE_STDINT_H=1 -DHAVE_DIRENT_H=1 -DHAVE_SYS_DIR_H=1 -DHAVE_SYS_TIME_H=1 -DHAVE_SYS_TIMES_H=1 -DHAVE_INTTYPES_H=1 -DHAVE_LIBDL=1 -DGX_COLOR_INDEX_TYPE="unsigned long long" -D__USE_UNIX98=1 -DGS_MEMPTR_ALIGNMENT=8 '
GPDL='no_gpdl'
GPDL_MAK='$(GLSRCDIR)$(D)stub.mak'
GPDL_SONAME='lib$(GPDL_SO_BASE)$(GS_SOEXT)$(DLL_EXT)'
GPDL_SONAME_MAJOR='lib$(GPDL_SO_BASE)$(GS_SOEXT)$(SO_LIB_VERSION_SEPARATOR)$(GS_VERSION_MAJOR)$(DLL_EXT)'
GPDL_SONAME_MAJOR_MINOR='lib$(GPDL_SO_BASE)$(GS_SOEXT)$(SO_LIB_VERSION_SEPARATOR)$(GS_VERSION_MAJOR)$(SO_LIB_VERSION_SEPARATOR)$(GS_VERSION_MINOR)$(DLL_EXT)'
GPDL_TARGET=''
GPDL_URF_TOP_OBJ=''
GREP='/usr/bin/grep'
GS='gs'
GS_DYNAMIC_LDFLAGS='-dynamiclib -install_name $(GS_SONAME_MAJOR_MINOR)'
GS_SONAME='lib$(GS_SO_BASE)$(GS_SOEXT)$(DLL_EXT)'
GS_SONAME_MAJOR='lib$(GS_SO_BASE)$(GS_SOEXT)$(SO_LIB_VERSION_SEPARATOR)$(GS_VERSION_MAJOR)$(DLL_EXT)'
GS_SONAME_MAJOR_MINOR='lib$(GS_SO_BASE)$(GS_SOEXT)$(SO_LIB_VERSION_SEPARATOR)$(GS_VERSION_MAJOR)$(SO_LIB_VERSION_SEPARATOR)$(GS_VERSION_MINOR)$(DLL_EXT)'
HAVE_BSWAP32='-DHAVE_BSWAP32'
HAVE_BYTESWAP_H=''
HAVE_DBUS=''
HAVE_FILE64=''
HAVE_FONTCONFIG=''
HAVE_FPCLASSIFY=''
HAVE_FSEEKO='-DHAVE_FSEEKO'
HAVE_ISINF='-DHAVE_ISINF'
HAVE_ISNAN='-DHAVE_ISNAN'
HAVE_LIBIDN=''
HAVE_MKSTEMP64=''
HAVE_MKSTEMP='-DHAVE_MKSTEMP'
HAVE_POPEN_PROTO='-DHAVE_POPEN_PROTO=1'
HAVE_PREAD_PWRITE='-DHAVE_PREAD_PWRITE=1'
HAVE_SETLOCALE='-DHAVE_SETLOCALE'
HAVE_SSE2='-DHAVE_SSE2'
HAVE_STRERROR='-DHAVE_STRERROR'
IJSDIR='src'
IJSLIB=''
IJS_DEVS=''
INSERT_UFST_BRIDGE_EQUAL_ONE=''
INSTALL_CONTRIB=''
INSTALL_SHARED=''
JBIG2DEVS=''
JBIG2DIR='src'
JBIG2_AUTOCONF_CFLAGS=''
JBIG2_DECODER=''
JBIG2_DEVS=''
JPXDEVS=''
JPXDIR='src'
JPX_AUTOCONF_CFLAGS=''
JPX_AUTOCONF_LIBS=''
JPX_DECODER=''
JPX_SSE_CFLAGS=''
LCMS2DIR=''
LCMS2MTDIR=''
LCMS2_ENDIAN=''
LCMS2_PTR_ALIGNMENT='-DCMS_PTR_ALIGNMENT=8'
LCMS_ENDIAN=''
LCUPSBUILDTYPE=''
LCUPSIINCLUDE=''
LCUPSINCLUDE=''
LDFLAGS=''
LDFLAGSAUX='$(LDFLAGS)'
LEPTONICADIR='leptonica'
LEPTONICAINCLUDE='include base/leptonica.mak'
LIBJPEGDIR=''
LIBOBJS=' ${LIBOBJDIR}lstat$U.o'
LIBPNGDIR=''
LIBS='-lm -ldl '
LIBTIFFCONFDIR='src'
LIBTIFFDIR='src'
LTLIBOBJS=' ${LIBOBJDIR}lstat$U.lo'
MKROMFS_FLAGS=''
OBJDIR_BSDMAKE_WORKAROUND='obj'
OBJEXT='o'
OCR_DEVS='$(DD)ocr.dev $(DD)hocr.dev $(DD)pdfocr8.dev $(DD)pdfocr24.dev $(DD)pdfocr32.dev'
OCR_VERSION='1'
OPT_CFLAGS=' -O2 -DNDEBUG'
ORDER_ONLY='|'
PACKAGE_BUGREPORT=''
PACKAGE_NAME=''
PACKAGE_STRING=''
PACKAGE_TARNAME=''
PACKAGE_URL=''
PACKAGE_VERSION=''
PATH_SEPARATOR=':'
PCL='no_gpcl6'
PCL_DYNAMIC_LDFLAGS='-dynamiclib -install_name $(PCL_SONAME_MAJOR_MINOR)'
PCL_MAK='$(GLSRCDIR)$(D)stub.mak'
PCL_SONAME='lib$(PCL_SO_BASE)$(GS_SOEXT)$(DLL_EXT)'
PCL_SONAME_MAJOR='lib$(PCL_SO_BASE)$(GS_SOEXT)$(SO_LIB_VERSION_SEPARATOR)$(GS_VERSION_MAJOR)$(DLL_EXT)'
PCL_SONAME_MAJOR_MINOR='lib$(PCL_SO_BASE)$(GS_SOEXT)$(SO_LIB_VERSION_SEPARATOR)$(GS_VERSION_MAJOR)$(SO_LIB_VERSION_SEPARATOR)$(GS_VERSION_MINOR)$(DLL_EXT)'
PCL_TARGET=''
PCL_TOP_MAK='$(GLSRCDIR)$(D)stub.mak'
PDL_DYNAMIC_LDFLAGS='-dynamiclib -install_name $(GPDL_SONAME_MAJOR_MINOR)'
PKGCONFIG='/usr/local/bin/pkg-config'
PLROMFS_MAK='$(GLSRCDIR)$(D)stub.mak'
PL_MAK='$(GLSRCDIR)$(D)stub.mak'
PNG_DEVS=''
PTHREAD_LIBS='-lpthread'
PXL_MAK='$(GLSRCDIR)$(D)stub.mak'
P_DEVS=''
RANLIB='ranlib'
RECURSIVE_MUTEXATTR='-DGS_RECURSIVE_MUTEXATTR=PTHREAD_MUTEX_RECURSIVE'
SED='/usr/bin/sed'
SED_EXTENDED_REGEX_OPT='-nEe'
SET_DT_SONAME=''
SHAREIJS='0'
SHARELCMS='0'
SHARELCUPS='1'
SHARELCUPSI='1'
SHARE_EXPAT='0'
SHARE_FT='0'
SHARE_JBIG2='0'
SHARE_JPX='0'
SHARE_LIBJPEG='0'
SHARE_LIBPNG='0'
SHARE_LIBTIFF=''
SHARE_ZLIB='0'
SHELL='/bin/sh'
SOC_CFLAGS=''
SOC_LIBS=''
SOC_LOADER='dxmainc'
SO_LIB_EXT='.dylib'
SO_LIB_VERSION_SEPARATOR='.'
SQRTF_SUBST=''
SRCDIR='/Users/fskj/Desktop/imagemagick_lib_iphone-master/build/ImageMagick-7.1.0-2/IMDelegates/ghostscript-9.54.0'
STRIP_XE='/usr/bin/strip'
SUB_MAKE_OPTION='-f $(MAKEFILE)'
SURFX_H=''
SYNC='posync'
TESSERACTDIR='tesseract'
TESSERACTINCLUDE='include base/tesseract.mak'
TESSERACT_LIBS='-lstdc++'
TESS_AVX2=''
TESS_AVX=''
TESS_CXXFLAGS='-arch arm64 -I/Applications/Xcode.app/Contents/Developer/Platforms/iPhoneOS.platform/Developer/SDKs/iPhoneOS14.4.sdk/usr/include -isysroot /Applications/Xcode.app/Contents/Developer/Platforms/iPhoneOS.platform/Developer/SDKs/iPhoneOS14.4.sdk -miphoneos-version-min=9.0 -miphoneos-version-min=9.0  -std=c++17 -stdlib=libstdc++'
TESS_FMA=''
TESS_NEON=''
TESS_SSE4_1=''
TIFFCFLAGS=''
UFST_CFLAGS=''
UFST_LIB_EXT=''
UFST_ROOT=''
URF_DEV=''
URF_INCLUDE=''
UTF8DEVS=''
VERSIONED_PATH='/$(GS_DOT_VERSION)'
WHICHLCMS=''
WITH_CAL='0'
X11_DEVS=''
XLIBS=''
XMKMF=''
XPS='no_gxps'
XPSROMFS_MAK='$(GLSRCDIR)$(D)stub.mak'
XPS_DEVS=''
XPS_DYNAMIC_LDFLAGS='-dynamiclib -install_name $(XPS_SONAME_MAJOR_MINOR)'
XPS_MAK='$(GLSRCDIR)$(D)stub.mak'
XPS_SONAME='lib$(XPS_SO_BASE)$(GS_SOEXT)$(DLL_EXT)'
XPS_SONAME_MAJOR='lib$(XPS_SO_BASE)$(GS_SOEXT)$(SO_LIB_VERSION_SEPARATOR)$(GS_VERSION_MAJOR)$(DLL_EXT)'
XPS_SONAME_MAJOR_MINOR='lib$(XPS_SO_BASE)$(GS_SOEXT)$(SO_LIB_VERSION_SEPARATOR)$(GS_VERSION_MAJOR)$(SO_LIB_VERSION_SEPARATOR)$(GS_VERSION_MINOR)$(DLL_EXT)'
XPS_TARGET=''
X_CFLAGS=''
X_EXTRA_LIBS=''
X_LDFLAGS=''
X_LIBS=''
X_PRE_LIBS=''
ZLIBCFLAGS='-Wno-write-strings'
ZLIBDIR='/Users/fskj/Desktop/imagemagick_lib_iphone-master/build/ImageMagick-7.1.0-2/IMDelegates/ghostscript-9.54.0/zlib'
ac_ct_CC='gcc'
ac_ct_CXX=''
bindir='${exec_prefix}/bin'
build='x86_64-apple-darwin19.6.0'
build_alias='x86_64-apple-darwin19.6.0'
build_cpu='x86_64'
build_os='darwin19.6.0'
build_vendor='apple'
datadir='${datarootdir}'
datarootdir='${prefix}/share'
docdir='${datarootdir}/doc/${PACKAGE}'
dvidir='${docdir}'
exec_prefix='${prefix}'
fontpath='${datarootdir}/fonts/default/ghostscript:${datarootdir}/fonts/default/Type1:${datarootdir}/fonts/default/TrueType:/usr/lib/DPS/outline/base:/usr/openwin/lib/X11/fonts/Type1:/usr/openwin/lib/X11/fonts/TrueType'
host='x86_64-apple-darwin19.6.0'
host_alias='x86_64-apple-darwin19.6.0'
host_cpu='x86_64'
host_os='darwin19.6.0'
host_vendor='apple'
htmldir='${docdir}'
includedir='${prefix}/include'
infodir='${datarootdir}/info'
libdir='${exec_prefix}/lib'
libexecdir='${exec_prefix}/libexec'
localedir='${datarootdir}/locale'
localstatedir='${prefix}/var'
mandir='${datarootdir}/man'
oldincludedir='/usr/include'
pdfdir='${docdir}'
prefix='/usr/local'
program_transform_name='s,x,x,'
psdir='${docdir}'
runstatedir='${localstatedir}/run'
sbindir='${exec_prefix}/sbin'
sharedstatedir='${prefix}/com'
sysconfdir='${prefix}/etc'
target_alias=''
tessdata='${datarootdir}/tessdata'

## ----------- ##
## confdefs.h. ##
## ----------- ##

/* confdefs.h */
#define PACKAGE_NAME ""
#define PACKAGE_TARNAME ""
#define PACKAGE_VERSION ""
#define PACKAGE_STRING ""
#define PACKAGE_BUGREPORT ""
#define PACKAGE_URL ""
#define STDC_HEADERS 1
#define HAVE_SYS_TYPES_H 1
#define HAVE_SYS_STAT_H 1
#define HAVE_STDLIB_H 1
#define HAVE_STRING_H 1
#define HAVE_MEMORY_H 1
#define HAVE_STRINGS_H 1
#define HAVE_INTTYPES_H 1
#define HAVE_STDINT_H 1
#define HAVE_UNISTD_H 1
#define HAVE_DIRENT_H 1
#define STDC_HEADERS 1
#define HAVE_ERRNO_H 1
#define HAVE_FCNTL_H 1
#define HAVE_LIMITS_H 1
#define HAVE_MEMORY_H 1
#define HAVE_STDLIB_H 1
#define HAVE_STRING_H 1
#define HAVE_STRINGS_H 1
#define HAVE_SYS_IOCTL_H 1
#define HAVE_SYS_PARAM_H 1
#define HAVE_SYS_TIME_H 1
#define HAVE_SYS_TIMES_H 1
#define HAVE_SYSLOG_H 1
#define HAVE_UNISTD_H 1
#define HAVE_DIRENT_H 1
#define HAVE_SYS_DIR_H 1
#define HAVE_INTTYPES_H 1
#define HAVE_STRUCT_STAT_ST_BLOCKS 1
#define HAVE_ST_BLOCKS 1
#define TIME_WITH_SYS_TIME 1
#define SIZEOF_UNSIGNED_LONG_LONG 8
#define HAVE_LIBM 1
#define HAVE_PREAD 1
#define HAVE_PWRITE 1
#define HAVE_DECL_PWRITE 1
#define HAVE_DECL_PREAD 1
#define DONT_HAVE_JMEMSYS_H 1
#define HAVE_FSEEKO 1
#define HAVE_MKSTEMP 1
#define HAVE_FSEEKO 1
#define HAVE_SETLOCALE 1
#define HAVE_STRERROR 1
#define HAVE_ISNAN 1
#define HAVE_ISINF 1
#define HAVE_FORK 1
#define HAVE_VFORK 1
#define HAVE_WORKING_VFORK 1
#define HAVE_WORKING_FORK 1
#define HAVE_STDLIB_H 1
#define HAVE_MALLOC 1
#define RETSIGTYPE void
#define HAVE_VPRINTF 1
#define HAVE_BZERO 1
#define HAVE_DUP2 1
#define HAVE_FLOOR 1
#define HAVE_GETTIMEOFDAY 1
#define HAVE_MEMCHR 1
#define HAVE_MEMMOVE 1
#define HAVE_MEMSET 1
#define HAVE_MKDIR 1
#define HAVE_MKFIFO 1
#define HAVE_MODF 1
#define HAVE_POW 1
#define HAVE_PUTENV 1
#define HAVE_RINT 1
#define HAVE_SETENV 1
#define HAVE_SQRT 1
#define HAVE_STRCHR 1
#define HAVE_STRRCHR 1
#define HAVE_STRSPN 1
#define HAVE_STRSTR 1
#define HAVE_STRNLEN 1

configure: exit 0
